Using pre-set license
Built from '2020.3/staging' branch; Version is '2020.3.26f1 (7298b473bc1a) revision 7510196'; Using compiler version '192528614'; Build Type 'Release'
OS: 'Windows 10  (10.0.19043) 64bit Core' Language: 'en' Physical Memory: 16310 MB
BatchMode: 1, IsHumanControllingUs: 0, StartBugReporterOnCrash: 0, Is64bit: 1, IsPro: 0

COMMAND LINE ARGUMENTS:
Y:\Unity\2020.3.26f1\Editor\Unity.exe
-adb2
-batchMode
-noUpm
-name
AssetImportWorker0
-projectPath
C:/Users/Ardon/OneDrive/Documents/GitHub/CEN4090L-project-main (1)/CEN4090L-project-main/Aurelia
-logFile
Logs/AssetImportWorker0.log
-srvPort
62941
Successfully changed project path to: C:/Users/Ardon/OneDrive/Documents/GitHub/CEN4090L-project-main (1)/CEN4090L-project-main/Aurelia
C:/Users/Ardon/OneDrive/Documents/GitHub/CEN4090L-project-main (1)/CEN4090L-project-main/Aurelia
Using Asset Import Pipeline V2.
Refreshing native plugins compatible for Editor in 86.82 ms, found 3 plugins.
Preloading 0 native plugins for Editor in 0.00 ms.
Initialize engine version: 2020.3.26f1 (7298b473bc1a)
[Subsystems] Discovering subsystems at path Y:/Unity/2020.3.26f1/Editor/Data/Resources/UnitySubsystems
[Subsystems] Discovering subsystems at path C:/Users/Ardon/OneDrive/Documents/GitHub/CEN4090L-project-main (1)/CEN4090L-project-main/Aurelia/Assets
GfxDevice: creating device client; threaded=0
Direct3D:
    Version:  Direct3D 11.0 [level 11.1]
    Renderer: AMD Radeon RX 6600 XT (ID=0x73ff)
    Vendor:   
    VRAM:     8147 MB
    Driver:   30.0.14023.7007
Initialize mono
Mono path[0] = 'Y:/Unity/2020.3.26f1/Editor/Data/Managed'
Mono path[1] = 'Y:/Unity/2020.3.26f1/Editor/Data/MonoBleedingEdge/lib/mono/unityjit'
Mono config path = 'Y:/Unity/2020.3.26f1/Editor/Data/MonoBleedingEdge/etc'
Using monoOptions --debugger-agent=transport=dt_socket,embedding=1,server=y,suspend=n,address=127.0.0.1:56380
Begin MonoManager ReloadAssembly
Registering precompiled unity dll's ...
Register platform support module: Y:/Unity/2020.3.26f1/Editor/Data/PlaybackEngines/WebGLSupport/UnityEditor.WebGL.Extensions.dll
Register platform support module: Y:/Unity/2020.3.26f1/Editor/Data/PlaybackEngines/WindowsStandaloneSupport/UnityEditor.WindowsStandalone.Extensions.dll
Registered in 0.001757 seconds.
Native extension for WindowsStandalone target not found
Native extension for WebGL target not found
Refreshing native plugins compatible for Editor in 66.27 ms, found 3 plugins.
Preloading 0 native plugins for Editor in 0.00 ms.
Mono: successfully reloaded assembly
- Completed reload, in  0.717 seconds
Domain Reload Profiling:
	ReloadAssembly (718ms)
		BeginReloadAssembly (84ms)
			ExecutionOrderSort (0ms)
			DisableScriptedObjects (0ms)
			BackupInstance (0ms)
			ReleaseScriptingObjects (0ms)
			CreateAndSetChildDomain (1ms)
		EndReloadAssembly (550ms)
			LoadAssemblies (84ms)
			RebuildTransferFunctionScriptingTraits (0ms)
			SetupTypeCache (176ms)
			ReleaseScriptCaches (0ms)
			RebuildScriptCaches (33ms)
			SetupLoadedEditorAssemblies (218ms)
				LogAssemblyErrors (0ms)
				InitializePlatformSupportModulesInManaged (6ms)
				SetLoadedEditorAssemblies (0ms)
				RefreshPlugins (66ms)
				BeforeProcessingInitializeOnLoad (10ms)
				ProcessInitializeOnLoadAttributes (102ms)
				ProcessInitializeOnLoadMethodAttributes (34ms)
				AfterProcessingInitializeOnLoad (0ms)
				EditorAssembliesLoaded (0ms)
			ExecutionOrderSort2 (0ms)
			AwakeInstancesAfterBackupRestoration (0ms)
Platform modules already initialized, skipping
Registering precompiled user dll's ...
Registered in 0.006948 seconds.
Begin MonoManager ReloadAssembly
Native extension for WindowsStandalone target not found
Native extension for WebGL target not found
Refreshing native plugins compatible for Editor in 66.79 ms, found 3 plugins.
Preloading 0 native plugins for Editor in 0.00 ms.
Mono: successfully reloaded assembly
- Completed reload, in  1.464 seconds
Domain Reload Profiling:
	ReloadAssembly (1465ms)
		BeginReloadAssembly (189ms)
			ExecutionOrderSort (0ms)
			DisableScriptedObjects (6ms)
			BackupInstance (0ms)
			ReleaseScriptingObjects (0ms)
			CreateAndSetChildDomain (22ms)
		EndReloadAssembly (1199ms)
			LoadAssemblies (133ms)
			RebuildTransferFunctionScriptingTraits (0ms)
			SetupTypeCache (390ms)
			ReleaseScriptCaches (1ms)
			RebuildScriptCaches (56ms)
			SetupLoadedEditorAssemblies (492ms)
				LogAssemblyErrors (0ms)
				InitializePlatformSupportModulesInManaged (5ms)
				SetLoadedEditorAssemblies (0ms)
				RefreshPlugins (67ms)
				BeforeProcessingInitializeOnLoad (88ms)
				ProcessInitializeOnLoadAttributes (309ms)
				ProcessInitializeOnLoadMethodAttributes (20ms)
				AfterProcessingInitializeOnLoad (3ms)
				EditorAssembliesLoaded (0ms)
			ExecutionOrderSort2 (0ms)
			AwakeInstancesAfterBackupRestoration (7ms)
Platform modules already initialized, skipping
========================================================================
Worker process is ready to serve import requests
Launched and connected shader compiler UnityShaderCompiler.exe after 0.07 seconds
Refreshing native plugins compatible for Editor in 0.61 ms, found 3 plugins.
Preloading 0 native plugins for Editor in 0.00 ms.
Unloading 2594 Unused Serialized files (Serialized files now loaded: 0)
System memory in use before: 113.3 MB.
System memory in use after: 113.5 MB.

Unloading 31 unused Assets to reduce memory usage. Loaded Objects now: 3028.
Total: 3.961100 ms (FindLiveObjects: 0.226600 ms CreateObjectMapping: 0.070300 ms MarkObjects: 3.579400 ms  DeleteObjects: 0.083400 ms)

AssetImportParameters requested are different than current active one (requested -> active):
  custom:framework-win-MediaFoundation: 216162199b28c13a410421893ffa2e32 -> 
  custom:video-decoder-ogg-theora: a1e56fd34408186e4bbccfd4996cb3dc -> 
  custom:container-muxer-webm: aa71ff27fc2769a1b78a27578f13a17b -> 
  custom:container-demuxer-webm: 4f35f7cbe854078d1ac9338744f61a02 -> 
  custom:container-demuxer-ogg: 62fdf1f143b41e24485cea50d1cbac27 -> 
  custom:video-encoder-webm-vp8: eb34c28f22e8b96e1ab97ce403110664 -> 
  custom:video-decoder-webm-vp8: 9c59270c3fd7afecdb556c50c9e8de78 -> 
  custom:audio-decoder-ogg-vorbis: bf7c407c2cedff20999df2af8eb42d56 -> 
  custom:audio-encoder-webm-vorbis: bf7c407c2cedff20999df2af8eb42d56 -> 
========================================================================
Received Import Request.
  path: Assets/Tiles test/Tileset.png
  artifactKey: Guid(820f3746b10d3724ea821cdf9cb57218) Importer(815301076,1909f56bfc062723c751e8b465ee728b)
Start importing Assets/Tiles test/Tileset.png using Guid(820f3746b10d3724ea821cdf9cb57218) Importer(815301076,1909f56bfc062723c751e8b465ee728b)  -> (artifact id: '1fa7779898ffde46fcf40d1065b1c496') in 0.166665 seconds 
  Import took 0.170561 seconds .

========================================================================
Received Import Request.
  Time since last request: 0.000199 seconds.
  path: Assets/Tiles test/Tileset_1.asset
  artifactKey: Guid(6bfabd813d3e69745938b588f41a8027) Importer(815301076,1909f56bfc062723c751e8b465ee728b)
Start importing Assets/Tiles test/Tileset_1.asset using Guid(6bfabd813d3e69745938b588f41a8027) Importer(815301076,1909f56bfc062723c751e8b465ee728b)  -> (artifact id: '798e066fe71b2d64c213a367542ede3c') in 0.069284 seconds 
  Import took 0.072944 seconds .

========================================================================
Received Import Request.
  Time since last request: 0.000199 seconds.
  path: Assets/Tiles test/Tileset_3.asset
  artifactKey: Guid(b42f13e16ed90e346b0e6ec98f4ce58d) Importer(815301076,1909f56bfc062723c751e8b465ee728b)
Start importing Assets/Tiles test/Tileset_3.asset using Guid(b42f13e16ed90e346b0e6ec98f4ce58d) Importer(815301076,1909f56bfc062723c751e8b465ee728b)  -> (artifact id: 'f419472f73a8ca06b7d4b6d8f2a32dc6') in 0.011869 seconds 
  Import took 0.015613 seconds .

========================================================================
Received Import Request.
  Time since last request: 0.000183 seconds.
  path: Assets/Tiles test/Tileset_4.asset
  artifactKey: Guid(eb58992f72152d04880e38a2a270a52e) Importer(815301076,1909f56bfc062723c751e8b465ee728b)
Start importing Assets/Tiles test/Tileset_4.asset using Guid(eb58992f72152d04880e38a2a270a52e) Importer(815301076,1909f56bfc062723c751e8b465ee728b)  -> (artifact id: '45ca4f97b35fe5882461646f448e7887') in 0.012917 seconds 
  Import took 0.016828 seconds .

========================================================================
Received Import Request.
  Time since last request: 0.000161 seconds.
  path: Assets/Tiles test/Test Palette.prefab
  artifactKey: Guid(611f55a8272eda849bb3c3edc4fbf4ce) Importer(815301076,1909f56bfc062723c751e8b465ee728b)
Start importing Assets/Tiles test/Test Palette.prefab using Guid(611f55a8272eda849bb3c3edc4fbf4ce) Importer(815301076,1909f56bfc062723c751e8b465ee728b)  -> (artifact id: '363364603ff00b617abcb00ddf20183d') in 0.044857 seconds 
  Import took 0.048695 seconds .

========================================================================
Received Import Request.
  Time since last request: 0.000204 seconds.
  path: Assets/Tiles test/Tileset_5.asset
  artifactKey: Guid(7742add746cd552458a6ca1de434e6ac) Importer(815301076,1909f56bfc062723c751e8b465ee728b)
Start importing Assets/Tiles test/Tileset_5.asset using Guid(7742add746cd552458a6ca1de434e6ac) Importer(815301076,1909f56bfc062723c751e8b465ee728b)  -> (artifact id: '4168521bd17509adb38a50988a1af460') in 0.014696 seconds 
  Import took 0.018729 seconds .

========================================================================
Received Import Request.
  Time since last request: 0.000180 seconds.
  path: Assets/Tiles test/Tileset_0.asset
  artifactKey: Guid(736024f758aa580449b2e9a10eaf57f3) Importer(815301076,1909f56bfc062723c751e8b465ee728b)
Start importing Assets/Tiles test/Tileset_0.asset using Guid(736024f758aa580449b2e9a10eaf57f3) Importer(815301076,1909f56bfc062723c751e8b465ee728b)  -> (artifact id: 'c8832ed6ff4d749d9273059820daf0e1') in 0.012659 seconds 
  Import took 0.016559 seconds .

========================================================================
Received Import Request.
  Time since last request: 320.451909 seconds.
  path: Assets/Scenes/Level0.unity
  artifactKey: Guid(ffb358d845c57614ab6432ef07bc94ca) Importer(815301076,1909f56bfc062723c751e8b465ee728b)
Start importing Assets/Scenes/Level0.unity using Guid(ffb358d845c57614ab6432ef07bc94ca) Importer(815301076,1909f56bfc062723c751e8b465ee728b)  -> (artifact id: '1a98b356e478f7f51400350b6b7039e4') in 0.007386 seconds 
  Import took 0.011469 seconds .

========================================================================
Received Import Request.
  Time since last request: 0.606733 seconds.
  path: Assets/Scenes/Level1.unity
  artifactKey: Guid(4eba1abc657e98f4fbcebd2259a2edf2) Importer(815301076,1909f56bfc062723c751e8b465ee728b)
Start importing Assets/Scenes/Level1.unity using Guid(4eba1abc657e98f4fbcebd2259a2edf2) Importer(815301076,1909f56bfc062723c751e8b465ee728b)  -> (artifact id: '586d819db982022505d29511703ea3b0') in 0.007555 seconds 
  Import took 0.011374 seconds .

========================================================================
Received Import Request.
  Time since last request: 128.503727 seconds.
  path: Assets/Scenes/SampleScene.unity
  artifactKey: Guid(2cda990e2423bbf4892e6590ba056729) Importer(815301076,1909f56bfc062723c751e8b465ee728b)
Start importing Assets/Scenes/SampleScene.unity using Guid(2cda990e2423bbf4892e6590ba056729) Importer(815301076,1909f56bfc062723c751e8b465ee728b)  -> (artifact id: 'd05889ed4926e475952ca124629c6381') in 0.007627 seconds 
  Import took 0.011654 seconds .

========================================================================
Received Import Request.
  Time since last request: 11.394821 seconds.
  path: Assets/Scripts/Interaction
  artifactKey: Guid(0c3e4b5f13b6dbc44a1b6de30a0a27fe) Importer(815301076,1909f56bfc062723c751e8b465ee728b)
Start importing Assets/Scripts/Interaction using Guid(0c3e4b5f13b6dbc44a1b6de30a0a27fe) Importer(815301076,1909f56bfc062723c751e8b465ee728b)  -> (artifact id: 'a84366f858caf3f0fe46ed27d5382f06') in 0.006998 seconds 
  Import took 0.010760 seconds .

========================================================================
Received Import Request.
  Time since last request: 0.640591 seconds.
  path: Assets/Scripts/Core
  artifactKey: Guid(9710fd6d9c9a867428838a570aea147c) Importer(815301076,1909f56bfc062723c751e8b465ee728b)
Start importing Assets/Scripts/Core using Guid(9710fd6d9c9a867428838a570aea147c) Importer(815301076,1909f56bfc062723c751e8b465ee728b)  -> (artifact id: '6dc2caf1c467ac02aaf74102fabe4588') in 0.006918 seconds 
  Import took 0.010643 seconds .

========================================================================
Received Import Request.
  Time since last request: 3.233109 seconds.
  path: Assets/Scripts/Core/PlayerControls.inputactions
  artifactKey: Guid(4fc99264d6aa2ed42b598c49cbaf191e) Importer(815301076,1909f56bfc062723c751e8b465ee728b)
Start importing Assets/Scripts/Core/PlayerControls.inputactions using Guid(4fc99264d6aa2ed42b598c49cbaf191e) Importer(815301076,1909f56bfc062723c751e8b465ee728b)  -> (artifact id: 'a97cbc34d39e6bead7fede9722358ed8') in 0.014892 seconds 
  Import took 0.018655 seconds .

========================================================================
Received Import Request.
  Time since last request: 23.118588 seconds.
  path: Assets/Scripts/Camera
  artifactKey: Guid(9e99de21cedf2cb4097e65418eb23f35) Importer(815301076,1909f56bfc062723c751e8b465ee728b)
Start importing Assets/Scripts/Camera using Guid(9e99de21cedf2cb4097e65418eb23f35) Importer(815301076,1909f56bfc062723c751e8b465ee728b)  -> (artifact id: '71bbcc0bde85bc96a67621d1ef0b77c8') in 0.008844 seconds 
  Import took 0.013241 seconds .

========================================================================
Received Import Request.
  Time since last request: 10.524490 seconds.
  path: Assets/Martial Hero/Sprites/Attack1.png
  artifactKey: Guid(c50b517797d93614aac4ca58aaf97355) Importer(815301076,1909f56bfc062723c751e8b465ee728b)
Start importing Assets/Martial Hero/Sprites/Attack1.png using Guid(c50b517797d93614aac4ca58aaf97355) Importer(815301076,1909f56bfc062723c751e8b465ee728b)  -> (artifact id: '503aab39268a19b6e6c03eb23c962bf9') in 0.037414 seconds 
  Import took 0.041208 seconds .

========================================================================
Received Import Request.
  Time since last request: 0.000191 seconds.
  path: Assets/Martial Hero/Sprites/Take Hit.png
  artifactKey: Guid(dafba786f4f5b8242bc098edbf954165) Importer(815301076,1909f56bfc062723c751e8b465ee728b)
Start importing Assets/Martial Hero/Sprites/Take Hit.png using Guid(dafba786f4f5b8242bc098edbf954165) Importer(815301076,1909f56bfc062723c751e8b465ee728b)  -> (artifact id: '2bd2bedb46890249581f7e06eea00824') in 0.026065 seconds 
  Import took 0.030125 seconds .

========================================================================
Received Import Request.
  Time since last request: 0.000153 seconds.
  path: Assets/Martial Hero/Sprites/Death.png
  artifactKey: Guid(1db9a306592ac9545975fcdd51459943) Importer(815301076,1909f56bfc062723c751e8b465ee728b)
Start importing Assets/Martial Hero/Sprites/Death.png using Guid(1db9a306592ac9545975fcdd51459943) Importer(815301076,1909f56bfc062723c751e8b465ee728b)  -> (artifact id: '7ada48ebcfa76762693de01dfb3cd4c1') in 0.031072 seconds 
  Import took 0.034666 seconds .

========================================================================
Received Import Request.
  Time since last request: 0.000224 seconds.
  path: Assets/Martial Hero/Sprites/Run.png
  artifactKey: Guid(02be9b757efc1074bb374de531df0219) Importer(815301076,1909f56bfc062723c751e8b465ee728b)
Start importing Assets/Martial Hero/Sprites/Run.png using Guid(02be9b757efc1074bb374de531df0219) Importer(815301076,1909f56bfc062723c751e8b465ee728b)  -> (artifact id: '6786c7a84aee4a5d378a96000f0f54f7') in 0.038405 seconds 
  Import took 0.041896 seconds .

========================================================================
Received Import Request.
  Time since last request: 0.000215 seconds.
  path: Assets/Martial Hero/Sprites/Fall.png
  artifactKey: Guid(ab9c6780bd1ac3c4fb318722a17a5862) Importer(815301076,1909f56bfc062723c751e8b465ee728b)
Start importing Assets/Martial Hero/Sprites/Fall.png using Guid(ab9c6780bd1ac3c4fb318722a17a5862) Importer(815301076,1909f56bfc062723c751e8b465ee728b)  -> (artifact id: '8eefb0d9cedd29ddbedb3022d4dfcba3') in 0.019598 seconds 
  Import took 0.023021 seconds .

========================================================================
Received Import Request.
  Time since last request: 0.000167 seconds.
  path: Assets/Martial Hero/Sprites/Idle.png
  artifactKey: Guid(0bd97e23f8b532a4f8969605a3b00a4e) Importer(815301076,1909f56bfc062723c751e8b465ee728b)
Start importing Assets/Martial Hero/Sprites/Idle.png using Guid(0bd97e23f8b532a4f8969605a3b00a4e) Importer(815301076,1909f56bfc062723c751e8b465ee728b)  -> (artifact id: '907c93637cc30f1284075f9991b069ef') in 0.037511 seconds 
  Import took 0.040981 seconds .

========================================================================
Received Import Request.
  Time since last request: 0.000160 seconds.
  path: Assets/Martial Hero/Sprites/Jump.png
  artifactKey: Guid(efffe4e87e655434db7d78f603ef99bf) Importer(815301076,1909f56bfc062723c751e8b465ee728b)
Start importing Assets/Martial Hero/Sprites/Jump.png using Guid(efffe4e87e655434db7d78f603ef99bf) Importer(815301076,1909f56bfc062723c751e8b465ee728b)  -> (artifact id: 'a9150c9d0934273f6ddbb40be0babea5') in 0.018151 seconds 
  Import took 0.021747 seconds .

========================================================================
Received Import Request.
  Time since last request: 0.000161 seconds.
  path: Assets/Martial Hero/Sprites/Take Hit - white silhouette.png
  artifactKey: Guid(5f3849e414a15ef4bafea810f38d8e35) Importer(815301076,1909f56bfc062723c751e8b465ee728b)
Start importing Assets/Martial Hero/Sprites/Take Hit - white silhouette.png using Guid(5f3849e414a15ef4bafea810f38d8e35) Importer(815301076,1909f56bfc062723c751e8b465ee728b)  -> (artifact id: '9b1d2c36306d76b84ce1c670ed45793c') in 0.025388 seconds 
  Import took 0.028921 seconds .

========================================================================
Received Import Request.
  Time since last request: 0.000156 seconds.
  path: Assets/Martial Hero/Sprites/Attack2.png
  artifactKey: Guid(aec5070f5cb24b24e9fbdf06b0d1faf8) Importer(815301076,1909f56bfc062723c751e8b465ee728b)
Start importing Assets/Martial Hero/Sprites/Attack2.png using Guid(aec5070f5cb24b24e9fbdf06b0d1faf8) Importer(815301076,1909f56bfc062723c751e8b465ee728b)  -> (artifact id: '8d664380b54f57615d9626da723d081c') in 0.033362 seconds 
  Import took 0.036857 seconds .

========================================================================
Received Import Request.
  Time since last request: 1.783903 seconds.
  path: Assets/Materials/Nonslip.physicsMaterial2D
  artifactKey: Guid(99f2193f26ad42d4bb136fe4d68cbeb0) Importer(815301076,1909f56bfc062723c751e8b465ee728b)
Start importing Assets/Materials/Nonslip.physicsMaterial2D using Guid(99f2193f26ad42d4bb136fe4d68cbeb0) Importer(815301076,1909f56bfc062723c751e8b465ee728b)  -> (artifact id: '524207dc4fb8f396b8c5c020521f7e8a') in 0.008477 seconds 
  Import took 0.012219 seconds .

========================================================================
Received Import Request.
  Time since last request: 0.000220 seconds.
  path: Assets/Materials/SnowMaterial.mat
  artifactKey: Guid(ee62bff24bb43b04b8d71e565ce2b132) Importer(815301076,1909f56bfc062723c751e8b465ee728b)
Start importing Assets/Materials/SnowMaterial.mat using Guid(ee62bff24bb43b04b8d71e565ce2b132) Importer(815301076,1909f56bfc062723c751e8b465ee728b)  -> (artifact id: 'd996e787c74027e8f9a91c369f6db620') in 0.123043 seconds 
  Import took 0.126770 seconds .

========================================================================
Received Import Request.
  Time since last request: 20.818999 seconds.
  path: Assets/Prefabs/Button.prefab
  artifactKey: Guid(e6587ef56489c51408b38fddc4ebb61a) Importer(815301076,1909f56bfc062723c751e8b465ee728b)
Start importing Assets/Prefabs/Button.prefab using Guid(e6587ef56489c51408b38fddc4ebb61a) Importer(815301076,1909f56bfc062723c751e8b465ee728b)  -> (artifact id: 'f2c105d7005fc04803b047b669ce841b') in 0.074010 seconds 
  Import took 0.077786 seconds .

========================================================================
Received Import Request.
  Time since last request: 0.000200 seconds.
  path: Assets/Prefabs/LevelLoader.prefab
  artifactKey: Guid(42ffb595c2559d64782052c8beb594d4) Importer(815301076,1909f56bfc062723c751e8b465ee728b)
Start importing Assets/Prefabs/LevelLoader.prefab using Guid(42ffb595c2559d64782052c8beb594d4) Importer(815301076,1909f56bfc062723c751e8b465ee728b)  -> (artifact id: '7f6e5d59c5f887b09c398e139671de3d') in 0.015096 seconds 
  Import took 0.018859 seconds .

========================================================================
Received Import Request.
  Time since last request: 10.215633 seconds.
  path: Assets/TextMesh Pro/Sprites
  artifactKey: Guid(d0603b6d5186471b96c778c3949c7ce2) Importer(815301076,1909f56bfc062723c751e8b465ee728b)
Start importing Assets/TextMesh Pro/Sprites using Guid(d0603b6d5186471b96c778c3949c7ce2) Importer(815301076,1909f56bfc062723c751e8b465ee728b)  -> (artifact id: 'c825b4ecabc52a724fdd8944d5209777') in 0.007927 seconds 
  Import took 0.011634 seconds .

========================================================================
Received Import Request.
  Time since last request: 0.028199 seconds.
  path: Assets/TextMesh Pro/Sprites/EmojiOne.png
  artifactKey: Guid(dffef66376be4fa480fb02b19edbe903) Importer(815301076,1909f56bfc062723c751e8b465ee728b)
Start importing Assets/TextMesh Pro/Sprites/EmojiOne.png using Guid(dffef66376be4fa480fb02b19edbe903) Importer(815301076,1909f56bfc062723c751e8b465ee728b)  -> (artifact id: 'd78a27303d38c5bc73b55289faa0930d') in 0.012711 seconds 
  Import took 0.016448 seconds .

========================================================================
Received Import Request.
  Time since last request: 2054.177180 seconds.
  path: Assets/Materials
  artifactKey: Guid(62d296349b2f2604b9fbd08fe80e281d) Importer(815301076,1909f56bfc062723c751e8b465ee728b)
Start importing Assets/Materials using Guid(62d296349b2f2604b9fbd08fe80e281d) Importer(815301076,1909f56bfc062723c751e8b465ee728b)  -> (artifact id: '480a20babe9594f723b4cb183e259d5b') in 0.007197 seconds 
  Import took 0.011238 seconds .

========================================================================
Received Import Request.
  Time since last request: 8.884871 seconds.
  path: Assets/Materials/noFriction.mat
  artifactKey: Guid(7a78964c769546747ac8d011a2ec724d) Importer(815301076,1909f56bfc062723c751e8b465ee728b)
Start importing Assets/Materials/noFriction.mat using Guid(7a78964c769546747ac8d011a2ec724d) Importer(815301076,1909f56bfc062723c751e8b465ee728b)  -> (artifact id: '2a6f4f3ec0c6934c29a0068caedfaea9') in 0.020531 seconds 
  Import took 0.024346 seconds .

========================================================================
Received Import Request.
  Time since last request: 219.820548 seconds.
  path: Assets/Materials/New Physics Material 2D.physicsMaterial2D
  artifactKey: Guid(ae069203d3a04c94f8b7c2d00e19b151) Importer(815301076,1909f56bfc062723c751e8b465ee728b)
Start importing Assets/Materials/New Physics Material 2D.physicsMaterial2D using Guid(ae069203d3a04c94f8b7c2d00e19b151) Importer(815301076,1909f56bfc062723c751e8b465ee728b)  -> (artifact id: 'be7718bfdb739375cefb0884a809b0f1') in 0.007926 seconds 
  Import took 0.011750 seconds .

========================================================================
Received Import Request.
  Time since last request: 459.759104 seconds.
  path: Assets/Scripts/Core/Player.cs
  artifactKey: Guid(b7bc65d0ed6136a4ea53c932cd63d59a) Importer(815301076,1909f56bfc062723c751e8b465ee728b)
Start importing Assets/Scripts/Core/Player.cs using Guid(b7bc65d0ed6136a4ea53c932cd63d59a) Importer(815301076,1909f56bfc062723c751e8b465ee728b)  -> (artifact id: '6d2357c8276f75ef0223b5fa3711542b') in 0.012127 seconds 
  Import took 0.016124 seconds .

========================================================================
Received Prepare
Registering precompiled user dll's ...
Registered in 0.006391 seconds.
Begin MonoManager ReloadAssembly
Native extension for WindowsStandalone target not found
Native extension for WebGL target not found
Refreshing native plugins compatible for Editor in 0.76 ms, found 3 plugins.
Preloading 0 native plugins for Editor in 0.00 ms.
Mono: successfully reloaded assembly
- Completed reload, in  1.446 seconds
Domain Reload Profiling:
	ReloadAssembly (1448ms)
		BeginReloadAssembly (249ms)
			ExecutionOrderSort (0ms)
			DisableScriptedObjects (18ms)
			BackupInstance (0ms)
			ReleaseScriptingObjects (0ms)
			CreateAndSetChildDomain (99ms)
		EndReloadAssembly (1125ms)
			LoadAssemblies (141ms)
			RebuildTransferFunctionScriptingTraits (0ms)
			SetupTypeCache (403ms)
			ReleaseScriptCaches (1ms)
			RebuildScriptCaches (49ms)
			SetupLoadedEditorAssemblies (407ms)
				LogAssemblyErrors (0ms)
				InitializePlatformSupportModulesInManaged (6ms)
				SetLoadedEditorAssemblies (1ms)
				RefreshPlugins (1ms)
				BeforeProcessingInitializeOnLoad (79ms)
				ProcessInitializeOnLoadAttributes (303ms)
				ProcessInitializeOnLoadMethodAttributes (14ms)
				AfterProcessingInitializeOnLoad (4ms)
				EditorAssembliesLoaded (0ms)
			ExecutionOrderSort2 (0ms)
			AwakeInstancesAfterBackupRestoration (11ms)
Platform modules already initialized, skipping
Refreshing native plugins compatible for Editor in 0.59 ms, found 3 plugins.
Preloading 0 native plugins for Editor in 0.00 ms.
Unloading 2570 Unused Serialized files (Serialized files now loaded: 0)
System memory in use before: 115.1 MB.
System memory in use after: 115.3 MB.

Unloading 18 unused Assets to reduce memory usage. Loaded Objects now: 3091.
Total: 4.252300 ms (FindLiveObjects: 0.283700 ms CreateObjectMapping: 0.076200 ms MarkObjects: 3.866700 ms  DeleteObjects: 0.024200 ms)

AssetImportParameters requested are different than current active one (requested -> active):
  custom:framework-win-MediaFoundation: 216162199b28c13a410421893ffa2e32 -> 
  custom:video-decoder-ogg-theora: a1e56fd34408186e4bbccfd4996cb3dc -> 
  custom:container-muxer-webm: aa71ff27fc2769a1b78a27578f13a17b -> 
  custom:container-demuxer-webm: 4f35f7cbe854078d1ac9338744f61a02 -> 
  custom:container-demuxer-ogg: 62fdf1f143b41e24485cea50d1cbac27 -> 
  custom:video-encoder-webm-vp8: eb34c28f22e8b96e1ab97ce403110664 -> 
  custom:video-decoder-webm-vp8: 9c59270c3fd7afecdb556c50c9e8de78 -> 
  custom:audio-decoder-ogg-vorbis: bf7c407c2cedff20999df2af8eb42d56 -> 
  custom:audio-encoder-webm-vorbis: bf7c407c2cedff20999df2af8eb42d56 -> 
========================================================================
Received Import Request.
  Time since last request: 59.336214 seconds.
  path: Assets/Scripts/Core/Player.cs
  artifactKey: Guid(b7bc65d0ed6136a4ea53c932cd63d59a) Importer(815301076,1909f56bfc062723c751e8b465ee728b)
Start importing Assets/Scripts/Core/Player.cs using Guid(b7bc65d0ed6136a4ea53c932cd63d59a) Importer(815301076,1909f56bfc062723c751e8b465ee728b)  -> (artifact id: '2363273b3ff88378d97c13726b9806e6') in 0.007208 seconds 
  Import took 0.011439 seconds .

========================================================================
Received Prepare
Registering precompiled user dll's ...
Registered in 0.006266 seconds.
Begin MonoManager ReloadAssembly
Native extension for WindowsStandalone target not found
Native extension for WebGL target not found
Refreshing native plugins compatible for Editor in 0.72 ms, found 3 plugins.
Preloading 0 native plugins for Editor in 0.00 ms.
Mono: successfully reloaded assembly
- Completed reload, in  1.302 seconds
Domain Reload Profiling:
	ReloadAssembly (1302ms)
		BeginReloadAssembly (156ms)
			ExecutionOrderSort (0ms)
			DisableScriptedObjects (8ms)
			BackupInstance (0ms)
			ReleaseScriptingObjects (0ms)
			CreateAndSetChildDomain (38ms)
		EndReloadAssembly (1069ms)
			LoadAssemblies (133ms)
			RebuildTransferFunctionScriptingTraits (0ms)
			SetupTypeCache (372ms)
			ReleaseScriptCaches (1ms)
			RebuildScriptCaches (51ms)
			SetupLoadedEditorAssemblies (394ms)
				LogAssemblyErrors (0ms)
				InitializePlatformSupportModulesInManaged (6ms)
				SetLoadedEditorAssemblies (1ms)
				RefreshPlugins (1ms)
				BeforeProcessingInitializeOnLoad (73ms)
				ProcessInitializeOnLoadAttributes (297ms)
				ProcessInitializeOnLoadMethodAttributes (13ms)
				AfterProcessingInitializeOnLoad (3ms)
				EditorAssembliesLoaded (0ms)
			ExecutionOrderSort2 (0ms)
			AwakeInstancesAfterBackupRestoration (11ms)
Platform modules already initialized, skipping
Refreshing native plugins compatible for Editor in 0.60 ms, found 3 plugins.
Preloading 0 native plugins for Editor in 0.00 ms.
Unloading 2570 Unused Serialized files (Serialized files now loaded: 0)
System memory in use before: 115.1 MB.
System memory in use after: 115.4 MB.

Unloading 18 unused Assets to reduce memory usage. Loaded Objects now: 3093.
Total: 4.363500 ms (FindLiveObjects: 0.267700 ms CreateObjectMapping: 0.083400 ms MarkObjects: 3.992000 ms  DeleteObjects: 0.018900 ms)

AssetImportParameters requested are different than current active one (requested -> active):
  custom:framework-win-MediaFoundation: 216162199b28c13a410421893ffa2e32 -> 
  custom:video-decoder-ogg-theora: a1e56fd34408186e4bbccfd4996cb3dc -> 
  custom:container-muxer-webm: aa71ff27fc2769a1b78a27578f13a17b -> 
  custom:container-demuxer-webm: 4f35f7cbe854078d1ac9338744f61a02 -> 
  custom:container-demuxer-ogg: 62fdf1f143b41e24485cea50d1cbac27 -> 
  custom:video-encoder-webm-vp8: eb34c28f22e8b96e1ab97ce403110664 -> 
  custom:video-decoder-webm-vp8: 9c59270c3fd7afecdb556c50c9e8de78 -> 
  custom:audio-decoder-ogg-vorbis: bf7c407c2cedff20999df2af8eb42d56 -> 
  custom:audio-encoder-webm-vorbis: bf7c407c2cedff20999df2af8eb42d56 -> 
========================================================================
Received Import Request.
  Time since last request: 18.811763 seconds.
  path: Assets/Scripts/Core/Player.cs
  artifactKey: Guid(b7bc65d0ed6136a4ea53c932cd63d59a) Importer(815301076,1909f56bfc062723c751e8b465ee728b)
Start importing Assets/Scripts/Core/Player.cs using Guid(b7bc65d0ed6136a4ea53c932cd63d59a) Importer(815301076,1909f56bfc062723c751e8b465ee728b)  -> (artifact id: '66e58475006ad84f585240f847d48356') in 0.006898 seconds 
  Import took 0.010812 seconds .

========================================================================
Received Import Request.
  Time since last request: 363.244076 seconds.
  path: Assets/Materials/New Physics Material 2D.physicsMaterial2D
  artifactKey: Guid(ae069203d3a04c94f8b7c2d00e19b151) Importer(815301076,1909f56bfc062723c751e8b465ee728b)
Start importing Assets/Materials/New Physics Material 2D.physicsMaterial2D using Guid(ae069203d3a04c94f8b7c2d00e19b151) Importer(815301076,1909f56bfc062723c751e8b465ee728b)  -> (artifact id: 'faaa2fecfab3171ad6cfc753c142ab53') in 0.013825 seconds 
  Import took 0.018130 seconds .

========================================================================
Received Import Request.
  Time since last request: 180.417601 seconds.
  path: Assets/Scripts/Core/PlayerControls.cs
  artifactKey: Guid(1fe9a9e4525bcfe4ab139c04d124b8bc) Importer(815301076,1909f56bfc062723c751e8b465ee728b)
Start importing Assets/Scripts/Core/PlayerControls.cs using Guid(1fe9a9e4525bcfe4ab139c04d124b8bc) Importer(815301076,1909f56bfc062723c751e8b465ee728b)  -> (artifact id: 'd03154abbb9ae916df0148fa15b95a6b') in 0.002964 seconds 
  Import took 0.007020 seconds .

========================================================================
Received Prepare
Registering precompiled user dll's ...
Registered in 0.006212 seconds.
Begin MonoManager ReloadAssembly
Native extension for WindowsStandalone target not found
Native extension for WebGL target not found
Refreshing native plugins compatible for Editor in 0.76 ms, found 3 plugins.
Preloading 0 native plugins for Editor in 0.00 ms.
Mono: successfully reloaded assembly
- Completed reload, in  1.268 seconds
Domain Reload Profiling:
	ReloadAssembly (1269ms)
		BeginReloadAssembly (149ms)
			ExecutionOrderSort (0ms)
			DisableScriptedObjects (8ms)
			BackupInstance (0ms)
			ReleaseScriptingObjects (0ms)
			CreateAndSetChildDomain (38ms)
		EndReloadAssembly (1039ms)
			LoadAssemblies (133ms)
			RebuildTransferFunctionScriptingTraits (0ms)
			SetupTypeCache (364ms)
			ReleaseScriptCaches (1ms)
			RebuildScriptCaches (49ms)
			SetupLoadedEditorAssemblies (382ms)
				LogAssemblyErrors (0ms)
				InitializePlatformSupportModulesInManaged (6ms)
				SetLoadedEditorAssemblies (1ms)
				RefreshPlugins (1ms)
				BeforeProcessingInitializeOnLoad (72ms)
				ProcessInitializeOnLoadAttributes (287ms)
				ProcessInitializeOnLoadMethodAttributes (12ms)
				AfterProcessingInitializeOnLoad (3ms)
				EditorAssembliesLoaded (0ms)
			ExecutionOrderSort2 (0ms)
			AwakeInstancesAfterBackupRestoration (11ms)
Platform modules already initialized, skipping
Refreshing native plugins compatible for Editor in 0.77 ms, found 3 plugins.
Preloading 0 native plugins for Editor in 0.00 ms.
Unloading 2570 Unused Serialized files (Serialized files now loaded: 0)
System memory in use before: 115.2 MB.
System memory in use after: 115.4 MB.

Unloading 18 unused Assets to reduce memory usage. Loaded Objects now: 3095.
Total: 3.841200 ms (FindLiveObjects: 0.235000 ms CreateObjectMapping: 0.072400 ms MarkObjects: 3.514300 ms  DeleteObjects: 0.018100 ms)

AssetImportParameters requested are different than current active one (requested -> active):
  custom:framework-win-MediaFoundation: 216162199b28c13a410421893ffa2e32 -> 
  custom:video-decoder-ogg-theora: a1e56fd34408186e4bbccfd4996cb3dc -> 
  custom:container-muxer-webm: aa71ff27fc2769a1b78a27578f13a17b -> 
  custom:container-demuxer-webm: 4f35f7cbe854078d1ac9338744f61a02 -> 
  custom:container-demuxer-ogg: 62fdf1f143b41e24485cea50d1cbac27 -> 
  custom:video-encoder-webm-vp8: eb34c28f22e8b96e1ab97ce403110664 -> 
  custom:video-decoder-webm-vp8: 9c59270c3fd7afecdb556c50c9e8de78 -> 
  custom:audio-decoder-ogg-vorbis: bf7c407c2cedff20999df2af8eb42d56 -> 
  custom:audio-encoder-webm-vorbis: bf7c407c2cedff20999df2af8eb42d56 -> 
========================================================================
Received Import Request.
  Time since last request: 29.215068 seconds.
  path: Assets/Scripts/Core/Player.cs
  artifactKey: Guid(b7bc65d0ed6136a4ea53c932cd63d59a) Importer(815301076,1909f56bfc062723c751e8b465ee728b)
Start importing Assets/Scripts/Core/Player.cs using Guid(b7bc65d0ed6136a4ea53c932cd63d59a) Importer(815301076,1909f56bfc062723c751e8b465ee728b)  -> (artifact id: '1ffa65b73b68b96694fb9bb06b87dad2') in 0.006837 seconds 
  Import took 0.010608 seconds .

========================================================================
Received Import Request.
  Time since last request: 234.983681 seconds.
  path: Assets/Scenes/Level1.unity
  artifactKey: Guid(4eba1abc657e98f4fbcebd2259a2edf2) Importer(815301076,1909f56bfc062723c751e8b465ee728b)
Start importing Assets/Scenes/Level1.unity using Guid(4eba1abc657e98f4fbcebd2259a2edf2) Importer(815301076,1909f56bfc062723c751e8b465ee728b)  -> (artifact id: '439211677f2733f9e59d658dd9f422f3') in 0.013759 seconds 
  Import took 0.017774 seconds .

========================================================================
Received Prepare
Registering precompiled user dll's ...
Registered in 0.006269 seconds.
Begin MonoManager ReloadAssembly
Native extension for WindowsStandalone target not found
Native extension for WebGL target not found
Refreshing native plugins compatible for Editor in 0.59 ms, found 3 plugins.
Preloading 0 native plugins for Editor in 0.00 ms.
Mono: successfully reloaded assembly
- Completed reload, in  1.336 seconds
Domain Reload Profiling:
	ReloadAssembly (1339ms)
		BeginReloadAssembly (210ms)
			ExecutionOrderSort (0ms)
			DisableScriptedObjects (16ms)
			BackupInstance (0ms)
			ReleaseScriptingObjects (0ms)
			CreateAndSetChildDomain (84ms)
		EndReloadAssembly (1057ms)
			LoadAssemblies (140ms)
			RebuildTransferFunctionScriptingTraits (0ms)
			SetupTypeCache (383ms)
			ReleaseScriptCaches (1ms)
			RebuildScriptCaches (47ms)
			SetupLoadedEditorAssemblies (376ms)
				LogAssemblyErrors (0ms)
				InitializePlatformSupportModulesInManaged (5ms)
				SetLoadedEditorAssemblies (1ms)
				RefreshPlugins (1ms)
				BeforeProcessingInitializeOnLoad (69ms)
				ProcessInitializeOnLoadAttributes (285ms)
				ProcessInitializeOnLoadMethodAttributes (12ms)
				AfterProcessingInitializeOnLoad (3ms)
				EditorAssembliesLoaded (0ms)
			ExecutionOrderSort2 (0ms)
			AwakeInstancesAfterBackupRestoration (11ms)
Platform modules already initialized, skipping
Refreshing native plugins compatible for Editor in 0.57 ms, found 3 plugins.
Preloading 0 native plugins for Editor in 0.00 ms.
Unloading 2571 Unused Serialized files (Serialized files now loaded: 0)
System memory in use before: 115.2 MB.
System memory in use after: 115.5 MB.

Unloading 18 unused Assets to reduce memory usage. Loaded Objects now: 3098.
Total: 3.730600 ms (FindLiveObjects: 0.242300 ms CreateObjectMapping: 0.073000 ms MarkObjects: 3.392400 ms  DeleteObjects: 0.021400 ms)

AssetImportParameters requested are different than current active one (requested -> active):
  custom:framework-win-MediaFoundation: 216162199b28c13a410421893ffa2e32 -> 
  custom:video-decoder-ogg-theora: a1e56fd34408186e4bbccfd4996cb3dc -> 
  custom:container-muxer-webm: aa71ff27fc2769a1b78a27578f13a17b -> 
  custom:container-demuxer-webm: 4f35f7cbe854078d1ac9338744f61a02 -> 
  custom:container-demuxer-ogg: 62fdf1f143b41e24485cea50d1cbac27 -> 
  custom:video-encoder-webm-vp8: eb34c28f22e8b96e1ab97ce403110664 -> 
  custom:video-decoder-webm-vp8: 9c59270c3fd7afecdb556c50c9e8de78 -> 
  custom:audio-decoder-ogg-vorbis: bf7c407c2cedff20999df2af8eb42d56 -> 
  custom:audio-encoder-webm-vorbis: bf7c407c2cedff20999df2af8eb42d56 -> 
========================================================================
Received Import Request.
  Time since last request: 7609.950947 seconds.
  path: Assets/Scripts/Core/Collision.cs
  artifactKey: Guid(1ee21161c010f9e4b8cb0c7d68cb124c) Importer(815301076,1909f56bfc062723c751e8b465ee728b)
Start importing Assets/Scripts/Core/Collision.cs using Guid(1ee21161c010f9e4b8cb0c7d68cb124c) Importer(815301076,1909f56bfc062723c751e8b465ee728b)  -> (artifact id: 'a7de07b1ac55766e96d565a5d36b5d7f') in 0.013573 seconds 
  Import took 0.017680 seconds .

========================================================================
Received Prepare
Registering precompiled user dll's ...
Registered in 0.006376 seconds.
Begin MonoManager ReloadAssembly
Native extension for WindowsStandalone target not found
Native extension for WebGL target not found
Refreshing native plugins compatible for Editor in 0.59 ms, found 3 plugins.
Preloading 0 native plugins for Editor in 0.00 ms.
Mono: successfully reloaded assembly
- Completed reload, in  1.224 seconds
Domain Reload Profiling:
	ReloadAssembly (1224ms)
		BeginReloadAssembly (141ms)
			ExecutionOrderSort (0ms)
			DisableScriptedObjects (8ms)
			BackupInstance (0ms)
			ReleaseScriptingObjects (0ms)
			CreateAndSetChildDomain (37ms)
		EndReloadAssembly (1012ms)
			LoadAssemblies (124ms)
			RebuildTransferFunctionScriptingTraits (0ms)
			SetupTypeCache (359ms)
			ReleaseScriptCaches (1ms)
			RebuildScriptCaches (46ms)
			SetupLoadedEditorAssemblies (369ms)
				LogAssemblyErrors (0ms)
				InitializePlatformSupportModulesInManaged (5ms)
				SetLoadedEditorAssemblies (1ms)
				RefreshPlugins (1ms)
				BeforeProcessingInitializeOnLoad (70ms)
				ProcessInitializeOnLoadAttributes (277ms)
				ProcessInitializeOnLoadMethodAttributes (12ms)
				AfterProcessingInitializeOnLoad (3ms)
				EditorAssembliesLoaded (0ms)
			ExecutionOrderSort2 (0ms)
			AwakeInstancesAfterBackupRestoration (10ms)
Platform modules already initialized, skipping
Refreshing native plugins compatible for Editor in 0.59 ms, found 3 plugins.
Preloading 0 native plugins for Editor in 0.00 ms.
Unloading 2572 Unused Serialized files (Serialized files now loaded: 0)
System memory in use before: 115.2 MB.
System memory in use after: 115.4 MB.

Unloading 18 unused Assets to reduce memory usage. Loaded Objects now: 3101.
Total: 3.983600 ms (FindLiveObjects: 0.288800 ms CreateObjectMapping: 0.098000 ms MarkObjects: 3.574500 ms  DeleteObjects: 0.020700 ms)

AssetImportParameters requested are different than current active one (requested -> active):
  custom:framework-win-MediaFoundation: 216162199b28c13a410421893ffa2e32 -> 
  custom:video-decoder-ogg-theora: a1e56fd34408186e4bbccfd4996cb3dc -> 
  custom:container-muxer-webm: aa71ff27fc2769a1b78a27578f13a17b -> 
  custom:container-demuxer-webm: 4f35f7cbe854078d1ac9338744f61a02 -> 
  custom:container-demuxer-ogg: 62fdf1f143b41e24485cea50d1cbac27 -> 
  custom:video-encoder-webm-vp8: eb34c28f22e8b96e1ab97ce403110664 -> 
  custom:video-decoder-webm-vp8: 9c59270c3fd7afecdb556c50c9e8de78 -> 
  custom:audio-decoder-ogg-vorbis: bf7c407c2cedff20999df2af8eb42d56 -> 
  custom:audio-encoder-webm-vorbis: bf7c407c2cedff20999df2af8eb42d56 -> 
========================================================================
Received Import Request.
  Time since last request: 252.712475 seconds.
  path: Assets/Scripts/Core/Collision.cs
  artifactKey: Guid(1ee21161c010f9e4b8cb0c7d68cb124c) Importer(815301076,1909f56bfc062723c751e8b465ee728b)
Start importing Assets/Scripts/Core/Collision.cs using Guid(1ee21161c010f9e4b8cb0c7d68cb124c) Importer(815301076,1909f56bfc062723c751e8b465ee728b)  -> (artifact id: 'ea8bb025e9e29e49f7428e32fc03fda8') in 0.007617 seconds 
  Import took 0.011734 seconds .

========================================================================
Received Prepare
Registering precompiled user dll's ...
Registered in 0.006394 seconds.
Begin MonoManager ReloadAssembly
Native extension for WindowsStandalone target not found
Native extension for WebGL target not found
Refreshing native plugins compatible for Editor in 0.56 ms, found 3 plugins.
Preloading 0 native plugins for Editor in 0.00 ms.
Mono: successfully reloaded assembly
- Completed reload, in  1.265 seconds
Domain Reload Profiling:
	ReloadAssembly (1266ms)
		BeginReloadAssembly (167ms)
			ExecutionOrderSort (0ms)
			DisableScriptedObjects (7ms)
			BackupInstance (0ms)
			ReleaseScriptingObjects (0ms)
			CreateAndSetChildDomain (39ms)
		EndReloadAssembly (1018ms)
			LoadAssemblies (153ms)
			RebuildTransferFunctionScriptingTraits (0ms)
			SetupTypeCache (355ms)
			ReleaseScriptCaches (1ms)
			RebuildScriptCaches (46ms)
			SetupLoadedEditorAssemblies (377ms)
				LogAssemblyErrors (0ms)
				InitializePlatformSupportModulesInManaged (5ms)
				SetLoadedEditorAssemblies (1ms)
				RefreshPlugins (1ms)
				BeforeProcessingInitializeOnLoad (69ms)
				ProcessInitializeOnLoadAttributes (286ms)
				ProcessInitializeOnLoadMethodAttributes (12ms)
				AfterProcessingInitializeOnLoad (3ms)
				EditorAssembliesLoaded (0ms)
			ExecutionOrderSort2 (0ms)
			AwakeInstancesAfterBackupRestoration (11ms)
Platform modules already initialized, skipping
Refreshing native plugins compatible for Editor in 0.55 ms, found 3 plugins.
Preloading 0 native plugins for Editor in 0.00 ms.
Unloading 2571 Unused Serialized files (Serialized files now loaded: 0)
System memory in use before: 115.2 MB.
System memory in use after: 115.5 MB.

Unloading 19 unused Assets to reduce memory usage. Loaded Objects now: 3102.
Total: 3.958400 ms (FindLiveObjects: 0.228400 ms CreateObjectMapping: 0.070500 ms MarkObjects: 3.637600 ms  DeleteObjects: 0.020400 ms)

AssetImportParameters requested are different than current active one (requested -> active):
  custom:framework-win-MediaFoundation: 216162199b28c13a410421893ffa2e32 -> 
  custom:video-decoder-ogg-theora: a1e56fd34408186e4bbccfd4996cb3dc -> 
  custom:container-muxer-webm: aa71ff27fc2769a1b78a27578f13a17b -> 
  custom:container-demuxer-webm: 4f35f7cbe854078d1ac9338744f61a02 -> 
  custom:container-demuxer-ogg: 62fdf1f143b41e24485cea50d1cbac27 -> 
  custom:video-encoder-webm-vp8: eb34c28f22e8b96e1ab97ce403110664 -> 
  custom:video-decoder-webm-vp8: 9c59270c3fd7afecdb556c50c9e8de78 -> 
  custom:audio-decoder-ogg-vorbis: bf7c407c2cedff20999df2af8eb42d56 -> 
  custom:audio-encoder-webm-vorbis: bf7c407c2cedff20999df2af8eb42d56 -> 
========================================================================
Received Import Request.
  Time since last request: 491.571485 seconds.
  path: Assets/Scripts/Core/Player.cs
  artifactKey: Guid(b7bc65d0ed6136a4ea53c932cd63d59a) Importer(815301076,1909f56bfc062723c751e8b465ee728b)
Start importing Assets/Scripts/Core/Player.cs using Guid(b7bc65d0ed6136a4ea53c932cd63d59a) Importer(815301076,1909f56bfc062723c751e8b465ee728b)  -> (artifact id: 'e3be262d60f26124b0789af0b8e56d0f') in 0.013186 seconds 
  Import took 0.018136 seconds .

========================================================================
Received Prepare
Registering precompiled user dll's ...
Registered in 0.006737 seconds.
Begin MonoManager ReloadAssembly
Native extension for WindowsStandalone target not found
Native extension for WebGL target not found
Refreshing native plugins compatible for Editor in 0.56 ms, found 3 plugins.
Preloading 0 native plugins for Editor in 0.00 ms.
Mono: successfully reloaded assembly
- Completed reload, in  1.249 seconds
Domain Reload Profiling:
	ReloadAssembly (1250ms)
		BeginReloadAssembly (153ms)
			ExecutionOrderSort (0ms)
			DisableScriptedObjects (7ms)
			BackupInstance (0ms)
			ReleaseScriptingObjects (0ms)
			CreateAndSetChildDomain (36ms)
		EndReloadAssembly (1018ms)
			LoadAssemblies (129ms)
			RebuildTransferFunctionScriptingTraits (0ms)
			SetupTypeCache (356ms)
			ReleaseScriptCaches (1ms)
			RebuildScriptCaches (45ms)
			SetupLoadedEditorAssemblies (364ms)
				LogAssemblyErrors (0ms)
				InitializePlatformSupportModulesInManaged (5ms)
				SetLoadedEditorAssemblies (1ms)
				RefreshPlugins (1ms)
				BeforeProcessingInitializeOnLoad (68ms)
				ProcessInitializeOnLoadAttributes (275ms)
				ProcessInitializeOnLoadMethodAttributes (12ms)
				AfterProcessingInitializeOnLoad (3ms)
				EditorAssembliesLoaded (0ms)
			ExecutionOrderSort2 (0ms)
			AwakeInstancesAfterBackupRestoration (10ms)
Platform modules already initialized, skipping
Refreshing native plugins compatible for Editor in 0.56 ms, found 3 plugins.
Preloading 0 native plugins for Editor in 0.00 ms.
Unloading 2571 Unused Serialized files (Serialized files now loaded: 0)
System memory in use before: 115.3 MB.
System memory in use after: 115.5 MB.

Unloading 18 unused Assets to reduce memory usage. Loaded Objects now: 3104.
Total: 3.596000 ms (FindLiveObjects: 0.217400 ms CreateObjectMapping: 0.070100 ms MarkObjects: 3.289700 ms  DeleteObjects: 0.017900 ms)

AssetImportParameters requested are different than current active one (requested -> active):
  custom:framework-win-MediaFoundation: 216162199b28c13a410421893ffa2e32 -> 
  custom:video-decoder-ogg-theora: a1e56fd34408186e4bbccfd4996cb3dc -> 
  custom:container-muxer-webm: aa71ff27fc2769a1b78a27578f13a17b -> 
  custom:container-demuxer-webm: 4f35f7cbe854078d1ac9338744f61a02 -> 
  custom:container-demuxer-ogg: 62fdf1f143b41e24485cea50d1cbac27 -> 
  custom:video-encoder-webm-vp8: eb34c28f22e8b96e1ab97ce403110664 -> 
  custom:video-decoder-webm-vp8: 9c59270c3fd7afecdb556c50c9e8de78 -> 
  custom:audio-decoder-ogg-vorbis: bf7c407c2cedff20999df2af8eb42d56 -> 
  custom:audio-encoder-webm-vorbis: bf7c407c2cedff20999df2af8eb42d56 -> 
========================================================================
Received Import Request.
  Time since last request: 49.515011 seconds.
  path: Assets/Scripts/Core/Player.cs
  artifactKey: Guid(b7bc65d0ed6136a4ea53c932cd63d59a) Importer(815301076,1909f56bfc062723c751e8b465ee728b)
Start importing Assets/Scripts/Core/Player.cs using Guid(b7bc65d0ed6136a4ea53c932cd63d59a) Importer(815301076,1909f56bfc062723c751e8b465ee728b)  -> (artifact id: '64a20ed7886d6849409b65756bec3b71') in 0.006746 seconds 
  Import took 0.010386 seconds .

========================================================================
Received Import Request.
  Time since last request: 16.636826 seconds.
  path: ProjectSettings/TagManager.asset
  artifactKey: Guid(00000000000000003000000000000000) Importer(815301076,1909f56bfc062723c751e8b465ee728b)
Start importing ProjectSettings/TagManager.asset using Guid(00000000000000003000000000000000) Importer(815301076,1909f56bfc062723c751e8b465ee728b)  -> (artifact id: 'c95f97126d6546fa5605d624b3366e3f') in 0.018233 seconds 
  Import took 0.021933 seconds .

========================================================================
Received Import Request.
  Time since last request: 132.410508 seconds.
  path: Assets/Background Images/city1.jpg
  artifactKey: Guid(7435656657ed090429a00e9456c0efb2) Importer(815301076,1909f56bfc062723c751e8b465ee728b)
Start importing Assets/Background Images/city1.jpg using Guid(7435656657ed090429a00e9456c0efb2) Importer(815301076,1909f56bfc062723c751e8b465ee728b)  -> (artifact id: '87b0530251c493e879841f9cdb44b03d') in 0.066852 seconds 
  Import took 0.070967 seconds .

========================================================================
Received Import Request.
  Time since last request: 0.000218 seconds.
  path: Assets/Background Images/JapanesePixelArt.png
  artifactKey: Guid(2a07fe44bddfae144a1ff7c68b79e728) Importer(815301076,1909f56bfc062723c751e8b465ee728b)
Start importing Assets/Background Images/JapanesePixelArt.png using Guid(2a07fe44bddfae144a1ff7c68b79e728) Importer(815301076,1909f56bfc062723c751e8b465ee728b)  -> (artifact id: '175aaef19308aa77c4922b7bd2c08b39') in 0.020102 seconds 
  Import took 0.023759 seconds .

========================================================================
Received Import Request.
  Time since last request: 13.365941 seconds.
  path: Assets/TextMesh Pro/Resources/TMP Settings.asset
  artifactKey: Guid(3f5b5dff67a942289a9defa416b206f3) Importer(815301076,1909f56bfc062723c751e8b465ee728b)
Start importing Assets/TextMesh Pro/Resources/TMP Settings.asset using Guid(3f5b5dff67a942289a9defa416b206f3) Importer(815301076,1909f56bfc062723c751e8b465ee728b)  -> (artifact id: '80217e6c75f9d2e4957cbc8093faaf48') in 0.061946 seconds 
  Import took 0.065796 seconds .

========================================================================
Received Import Request.
  Time since last request: 1.335882 seconds.
  path: Assets/TextMesh Pro/Resources/Style Sheets
  artifactKey: Guid(4aecb92fff08436c8303b10eab8da368) Importer(815301076,1909f56bfc062723c751e8b465ee728b)
Start importing Assets/TextMesh Pro/Resources/Style Sheets using Guid(4aecb92fff08436c8303b10eab8da368) Importer(815301076,1909f56bfc062723c751e8b465ee728b)  -> (artifact id: '8eb160d1f2f0150837d5eca199ae2098') in 0.007508 seconds 
  Import took 0.011639 seconds .

========================================================================
Received Import Request.
  Time since last request: 0.182320 seconds.
  path: Assets/TextMesh Pro/Resources/Style Sheets/Default Style Sheet.asset
  artifactKey: Guid(f952c082cb03451daed3ee968ac6c63e) Importer(815301076,1909f56bfc062723c751e8b465ee728b)
Start importing Assets/TextMesh Pro/Resources/Style Sheets/Default Style Sheet.asset using Guid(f952c082cb03451daed3ee968ac6c63e) Importer(815301076,1909f56bfc062723c751e8b465ee728b)  -> (artifact id: '99846f5a5cef2b9fb3476a6a84d35918') in 0.007987 seconds 
  Import took 0.011641 seconds .

========================================================================
Received Import Request.
  Time since last request: 87.352408 seconds.
  path: Assets/Tiles test
  artifactKey: Guid(bb4e6493f8a1be342a9a07e58d9f5251) Importer(815301076,1909f56bfc062723c751e8b465ee728b)
Start importing Assets/Tiles test using Guid(bb4e6493f8a1be342a9a07e58d9f5251) Importer(815301076,1909f56bfc062723c751e8b465ee728b)  -> (artifact id: 'f1d00d84766e9306ced398c8ea941617') in 0.008045 seconds 
  Import took 0.012281 seconds .

========================================================================
Received Import Request.
  Time since last request: 58.402488 seconds.
  path: Assets/Scripts/UI/PauseMenu.cs
  artifactKey: Guid(67b35cf9f6415e44095ce4cabeb00e16) Importer(815301076,1909f56bfc062723c751e8b465ee728b)
Start importing Assets/Scripts/UI/PauseMenu.cs using Guid(67b35cf9f6415e44095ce4cabeb00e16) Importer(815301076,1909f56bfc062723c751e8b465ee728b)  -> (artifact id: '43b2bfa1f96cfc4a2e47ebba25ac7667') in 0.008306 seconds 
  Import took 0.012019 seconds .

========================================================================
Received Import Request.
  Time since last request: 68.826876 seconds.
  path: Assets/Scripts/UI/ResetAllBindings.cs
  artifactKey: Guid(c5a9220f2927ac141b568bc746d975b8) Importer(815301076,1909f56bfc062723c751e8b465ee728b)
Start importing Assets/Scripts/UI/ResetAllBindings.cs using Guid(c5a9220f2927ac141b568bc746d975b8) Importer(815301076,1909f56bfc062723c751e8b465ee728b)  -> (artifact id: '90c9a75dbd93ae59a678175e1741e599') in 0.007467 seconds 
  Import took 0.011457 seconds .

========================================================================
Received Import Request.
  Time since last request: 752.492812 seconds.
  path: Assets/Scripts/Core/Player.cs
  artifactKey: Guid(b7bc65d0ed6136a4ea53c932cd63d59a) Importer(815301076,1909f56bfc062723c751e8b465ee728b)
Start importing Assets/Scripts/Core/Player.cs using Guid(b7bc65d0ed6136a4ea53c932cd63d59a) Importer(815301076,1909f56bfc062723c751e8b465ee728b)  -> (artifact id: '66abb6bc2e8fc89da464961a8565feeb') in 0.003245 seconds 
  Import took 0.007746 seconds .

========================================================================
Received Import Request.
  Time since last request: 47.366700 seconds.
  path: Assets/Scripts/Core/EndTrigger.cs
  artifactKey: Guid(2218776e642df6044918458e83565475) Importer(815301076,1909f56bfc062723c751e8b465ee728b)
Start importing Assets/Scripts/Core/EndTrigger.cs using Guid(2218776e642df6044918458e83565475) Importer(815301076,1909f56bfc062723c751e8b465ee728b)  -> (artifact id: '63b241d427504b7af6eeffc6cd9910a5') in 0.011288 seconds 
  Import took 0.014975 seconds .

========================================================================
Received Import Request.
  Time since last request: 54.612781 seconds.
  path: Assets/Scripts/Core/Player.cs
  artifactKey: Guid(b7bc65d0ed6136a4ea53c932cd63d59a) Importer(815301076,1909f56bfc062723c751e8b465ee728b)
Start importing Assets/Scripts/Core/Player.cs using Guid(b7bc65d0ed6136a4ea53c932cd63d59a) Importer(815301076,1909f56bfc062723c751e8b465ee728b)  -> (artifact id: '91d33b2806893d6eafe50e04d72cf0cb') in 0.002885 seconds 
  Import took 0.006696 seconds .

========================================================================
Received Import Request.
  Time since last request: 178.213571 seconds.
  path: Assets/Scripts/Core/Player.cs
  artifactKey: Guid(b7bc65d0ed6136a4ea53c932cd63d59a) Importer(815301076,1909f56bfc062723c751e8b465ee728b)
Start importing Assets/Scripts/Core/Player.cs using Guid(b7bc65d0ed6136a4ea53c932cd63d59a) Importer(815301076,1909f56bfc062723c751e8b465ee728b)  -> (artifact id: '0a0c3ea85016837c17ba02ce256d43f2') in 0.003400 seconds 
  Import took 0.007477 seconds .

========================================================================
Received Prepare
Registering precompiled user dll's ...
Registered in 0.006718 seconds.
Begin MonoManager ReloadAssembly
Native extension for WindowsStandalone target not found
Native extension for WebGL target not found
Refreshing native plugins compatible for Editor in 0.56 ms, found 3 plugins.
Preloading 0 native plugins for Editor in 0.00 ms.
Mono: successfully reloaded assembly
- Completed reload, in  1.190 seconds
Domain Reload Profiling:
	ReloadAssembly (1191ms)
		BeginReloadAssembly (136ms)
			ExecutionOrderSort (0ms)
			DisableScriptedObjects (7ms)
			BackupInstance (0ms)
			ReleaseScriptingObjects (0ms)
			CreateAndSetChildDomain (34ms)
		EndReloadAssembly (987ms)
			LoadAssemblies (123ms)
			RebuildTransferFunctionScriptingTraits (0ms)
			SetupTypeCache (339ms)
			ReleaseScriptCaches (1ms)
			RebuildScriptCaches (49ms)
			SetupLoadedEditorAssemblies (370ms)
				LogAssemblyErrors (0ms)
				InitializePlatformSupportModulesInManaged (5ms)
				SetLoadedEditorAssemblies (1ms)
				RefreshPlugins (1ms)
				BeforeProcessingInitializeOnLoad (67ms)
				ProcessInitializeOnLoadAttributes (282ms)
				ProcessInitializeOnLoadMethodAttributes (12ms)
				AfterProcessingInitializeOnLoad (3ms)
				EditorAssembliesLoaded (0ms)
			ExecutionOrderSort2 (0ms)
			AwakeInstancesAfterBackupRestoration (10ms)
Platform modules already initialized, skipping
Refreshing native plugins compatible for Editor in 0.57 ms, found 3 plugins.
Preloading 0 native plugins for Editor in 0.00 ms.
Unloading 2571 Unused Serialized files (Serialized files now loaded: 0)
System memory in use before: 115.3 MB.
System memory in use after: 115.5 MB.

Unloading 19 unused Assets to reduce memory usage. Loaded Objects now: 3111.
Total: 3.898300 ms (FindLiveObjects: 0.242400 ms CreateObjectMapping: 0.077400 ms MarkObjects: 3.557200 ms  DeleteObjects: 0.020100 ms)

AssetImportParameters requested are different than current active one (requested -> active):
  custom:framework-win-MediaFoundation: 216162199b28c13a410421893ffa2e32 -> 
  custom:video-decoder-ogg-theora: a1e56fd34408186e4bbccfd4996cb3dc -> 
  custom:container-muxer-webm: aa71ff27fc2769a1b78a27578f13a17b -> 
  custom:container-demuxer-webm: 4f35f7cbe854078d1ac9338744f61a02 -> 
  custom:container-demuxer-ogg: 62fdf1f143b41e24485cea50d1cbac27 -> 
  custom:video-encoder-webm-vp8: eb34c28f22e8b96e1ab97ce403110664 -> 
  custom:video-decoder-webm-vp8: 9c59270c3fd7afecdb556c50c9e8de78 -> 
  custom:audio-decoder-ogg-vorbis: bf7c407c2cedff20999df2af8eb42d56 -> 
  custom:audio-encoder-webm-vorbis: bf7c407c2cedff20999df2af8eb42d56 -> 
========================================================================
Received Import Request.
  Time since last request: 265.797948 seconds.
  path: Assets/Scripts/Core/Player.cs
  artifactKey: Guid(b7bc65d0ed6136a4ea53c932cd63d59a) Importer(815301076,1909f56bfc062723c751e8b465ee728b)
Start importing Assets/Scripts/Core/Player.cs using Guid(b7bc65d0ed6136a4ea53c932cd63d59a) Importer(815301076,1909f56bfc062723c751e8b465ee728b)  -> (artifact id: '4bd09d2489461a59b6785a2b6ff884f4') in 0.011247 seconds 
  Import took 0.015385 seconds .

========================================================================
Received Prepare
Registering precompiled user dll's ...
Registered in 0.006115 seconds.
Begin MonoManager ReloadAssembly
Native extension for WindowsStandalone target not found
Native extension for WebGL target not found
Refreshing native plugins compatible for Editor in 0.89 ms, found 3 plugins.
Preloading 0 native plugins for Editor in 0.00 ms.
Mono: successfully reloaded assembly
- Completed reload, in  1.301 seconds
Domain Reload Profiling:
	ReloadAssembly (1302ms)
		BeginReloadAssembly (163ms)
			ExecutionOrderSort (0ms)
			DisableScriptedObjects (7ms)
			BackupInstance (0ms)
			ReleaseScriptingObjects (0ms)
			CreateAndSetChildDomain (40ms)
		EndReloadAssembly (1069ms)
			LoadAssemblies (138ms)
			RebuildTransferFunctionScriptingTraits (0ms)
			SetupTypeCache (373ms)
			ReleaseScriptCaches (1ms)
			RebuildScriptCaches (48ms)
			SetupLoadedEditorAssemblies (397ms)
				LogAssemblyErrors (0ms)
				InitializePlatformSupportModulesInManaged (5ms)
				SetLoadedEditorAssemblies (1ms)
				RefreshPlugins (1ms)
				BeforeProcessingInitializeOnLoad (74ms)
				ProcessInitializeOnLoadAttributes (297ms)
				ProcessInitializeOnLoadMethodAttributes (14ms)
				AfterProcessingInitializeOnLoad (3ms)
				EditorAssembliesLoaded (0ms)
			ExecutionOrderSort2 (0ms)
			AwakeInstancesAfterBackupRestoration (12ms)
Platform modules already initialized, skipping
Refreshing native plugins compatible for Editor in 0.61 ms, found 3 plugins.
Preloading 0 native plugins for Editor in 0.00 ms.
Unloading 2571 Unused Serialized files (Serialized files now loaded: 0)
System memory in use before: 115.3 MB.
System memory in use after: 115.5 MB.

Unloading 18 unused Assets to reduce memory usage. Loaded Objects now: 3113.
Total: 4.721400 ms (FindLiveObjects: 0.309400 ms CreateObjectMapping: 0.094400 ms MarkObjects: 4.292900 ms  DeleteObjects: 0.023400 ms)

AssetImportParameters requested are different than current active one (requested -> active):
  custom:framework-win-MediaFoundation: 216162199b28c13a410421893ffa2e32 -> 
  custom:video-decoder-ogg-theora: a1e56fd34408186e4bbccfd4996cb3dc -> 
  custom:container-muxer-webm: aa71ff27fc2769a1b78a27578f13a17b -> 
  custom:container-demuxer-webm: 4f35f7cbe854078d1ac9338744f61a02 -> 
  custom:container-demuxer-ogg: 62fdf1f143b41e24485cea50d1cbac27 -> 
  custom:video-encoder-webm-vp8: eb34c28f22e8b96e1ab97ce403110664 -> 
  custom:video-decoder-webm-vp8: 9c59270c3fd7afecdb556c50c9e8de78 -> 
  custom:audio-decoder-ogg-vorbis: bf7c407c2cedff20999df2af8eb42d56 -> 
  custom:audio-encoder-webm-vorbis: bf7c407c2cedff20999df2af8eb42d56 -> 
========================================================================
Received Prepare
Registering precompiled user dll's ...
Registered in 0.006327 seconds.
Begin MonoManager ReloadAssembly
Native extension for WindowsStandalone target not found
Native extension for WebGL target not found
Refreshing native plugins compatible for Editor in 0.73 ms, found 3 plugins.
Preloading 0 native plugins for Editor in 0.00 ms.
Mono: successfully reloaded assembly
- Completed reload, in  1.251 seconds
Domain Reload Profiling:
	ReloadAssembly (1251ms)
		BeginReloadAssembly (159ms)
			ExecutionOrderSort (0ms)
			DisableScriptedObjects (7ms)
			BackupInstance (0ms)
			ReleaseScriptingObjects (0ms)
			CreateAndSetChildDomain (40ms)
		EndReloadAssembly (1023ms)
			LoadAssemblies (128ms)
			RebuildTransferFunctionScriptingTraits (0ms)
			SetupTypeCache (361ms)
			ReleaseScriptCaches (1ms)
			RebuildScriptCaches (49ms)
			SetupLoadedEditorAssemblies (372ms)
				LogAssemblyErrors (0ms)
				InitializePlatformSupportModulesInManaged (5ms)
				SetLoadedEditorAssemblies (1ms)
				RefreshPlugins (1ms)
				BeforeProcessingInitializeOnLoad (70ms)
				ProcessInitializeOnLoadAttributes (281ms)
				ProcessInitializeOnLoadMethodAttributes (12ms)
				AfterProcessingInitializeOnLoad (3ms)
				EditorAssembliesLoaded (0ms)
			ExecutionOrderSort2 (0ms)
			AwakeInstancesAfterBackupRestoration (11ms)
Platform modules already initialized, skipping
Refreshing native plugins compatible for Editor in 0.59 ms, found 3 plugins.
Preloading 0 native plugins for Editor in 0.00 ms.
Unloading 2571 Unused Serialized files (Serialized files now loaded: 0)
System memory in use before: 115.2 MB.
System memory in use after: 115.4 MB.

Unloading 18 unused Assets to reduce memory usage. Loaded Objects now: 3115.
Total: 3.976900 ms (FindLiveObjects: 0.230500 ms CreateObjectMapping: 0.068300 ms MarkObjects: 3.657900 ms  DeleteObjects: 0.018800 ms)

AssetImportParameters requested are different than current active one (requested -> active):
  custom:framework-win-MediaFoundation: 216162199b28c13a410421893ffa2e32 -> 
  custom:video-decoder-ogg-theora: a1e56fd34408186e4bbccfd4996cb3dc -> 
  custom:container-muxer-webm: aa71ff27fc2769a1b78a27578f13a17b -> 
  custom:container-demuxer-webm: 4f35f7cbe854078d1ac9338744f61a02 -> 
  custom:container-demuxer-ogg: 62fdf1f143b41e24485cea50d1cbac27 -> 
  custom:video-encoder-webm-vp8: eb34c28f22e8b96e1ab97ce403110664 -> 
  custom:video-decoder-webm-vp8: 9c59270c3fd7afecdb556c50c9e8de78 -> 
  custom:audio-decoder-ogg-vorbis: bf7c407c2cedff20999df2af8eb42d56 -> 
  custom:audio-encoder-webm-vorbis: bf7c407c2cedff20999df2af8eb42d56 -> 
========================================================================
Received Import Request.
  Time since last request: 262.043358 seconds.
  path: Assets/Scripts/Core/Player.cs
  artifactKey: Guid(b7bc65d0ed6136a4ea53c932cd63d59a) Importer(815301076,1909f56bfc062723c751e8b465ee728b)
Start importing Assets/Scripts/Core/Player.cs using Guid(b7bc65d0ed6136a4ea53c932cd63d59a) Importer(815301076,1909f56bfc062723c751e8b465ee728b)  -> (artifact id: '34e9071a30326f71bcd78e607bed1d44') in 0.007023 seconds 
  Import took 0.010859 seconds .

========================================================================
Received Import Request.
  Time since last request: 858.096043 seconds.
  path: Assets/Scripts/Core/Player.cs
  artifactKey: Guid(b7bc65d0ed6136a4ea53c932cd63d59a) Importer(815301076,1909f56bfc062723c751e8b465ee728b)
Start importing Assets/Scripts/Core/Player.cs using Guid(b7bc65d0ed6136a4ea53c932cd63d59a) Importer(815301076,1909f56bfc062723c751e8b465ee728b)  -> (artifact id: 'bb3df01bc4642d1b6ab84810ef37b77a') in 0.003549 seconds 
  Import took 0.007508 seconds .

========================================================================
Received Prepare
Registering precompiled user dll's ...
Registered in 0.006402 seconds.
Begin MonoManager ReloadAssembly
Native extension for WindowsStandalone target not found
Native extension for WebGL target not found
Refreshing native plugins compatible for Editor in 0.54 ms, found 3 plugins.
Preloading 0 native plugins for Editor in 0.00 ms.
Mono: successfully reloaded assembly
- Completed reload, in  1.199 seconds
Domain Reload Profiling:
	ReloadAssembly (1199ms)
		BeginReloadAssembly (143ms)
			ExecutionOrderSort (0ms)
			DisableScriptedObjects (7ms)
			BackupInstance (0ms)
			ReleaseScriptingObjects (0ms)
			CreateAndSetChildDomain (35ms)
		EndReloadAssembly (983ms)
			LoadAssemblies (125ms)
			RebuildTransferFunctionScriptingTraits (0ms)
			SetupTypeCache (349ms)
			ReleaseScriptCaches (1ms)
			RebuildScriptCaches (46ms)
			SetupLoadedEditorAssemblies (355ms)
				LogAssemblyErrors (0ms)
				InitializePlatformSupportModulesInManaged (5ms)
				SetLoadedEditorAssemblies (1ms)
				RefreshPlugins (1ms)
				BeforeProcessingInitializeOnLoad (67ms)
				ProcessInitializeOnLoadAttributes (268ms)
				ProcessInitializeOnLoadMethodAttributes (12ms)
				AfterProcessingInitializeOnLoad (3ms)
				EditorAssembliesLoaded (0ms)
			ExecutionOrderSort2 (0ms)
			AwakeInstancesAfterBackupRestoration (10ms)
Platform modules already initialized, skipping
Refreshing native plugins compatible for Editor in 0.56 ms, found 3 plugins.
Preloading 0 native plugins for Editor in 0.00 ms.
Unloading 2571 Unused Serialized files (Serialized files now loaded: 0)
System memory in use before: 115.3 MB.
System memory in use after: 115.5 MB.

Unloading 18 unused Assets to reduce memory usage. Loaded Objects now: 3117.
Total: 3.590600 ms (FindLiveObjects: 0.216600 ms CreateObjectMapping: 0.070400 ms MarkObjects: 3.286300 ms  DeleteObjects: 0.016300 ms)

AssetImportParameters requested are different than current active one (requested -> active):
  custom:framework-win-MediaFoundation: 216162199b28c13a410421893ffa2e32 -> 
  custom:video-decoder-ogg-theora: a1e56fd34408186e4bbccfd4996cb3dc -> 
  custom:container-muxer-webm: aa71ff27fc2769a1b78a27578f13a17b -> 
  custom:container-demuxer-webm: 4f35f7cbe854078d1ac9338744f61a02 -> 
  custom:container-demuxer-ogg: 62fdf1f143b41e24485cea50d1cbac27 -> 
  custom:video-encoder-webm-vp8: eb34c28f22e8b96e1ab97ce403110664 -> 
  custom:video-decoder-webm-vp8: 9c59270c3fd7afecdb556c50c9e8de78 -> 
  custom:audio-decoder-ogg-vorbis: bf7c407c2cedff20999df2af8eb42d56 -> 
  custom:audio-encoder-webm-vorbis: bf7c407c2cedff20999df2af8eb42d56 -> 
========================================================================
Received Prepare
Registering precompiled user dll's ...
Registered in 0.006766 seconds.
Begin MonoManager ReloadAssembly
Native extension for WindowsStandalone target not found
Native extension for WebGL target not found
Refreshing native plugins compatible for Editor in 0.61 ms, found 3 plugins.
Preloading 0 native plugins for Editor in 0.00 ms.
Mono: successfully reloaded assembly
- Completed reload, in  1.262 seconds
Domain Reload Profiling:
	ReloadAssembly (1262ms)
		BeginReloadAssembly (150ms)
			ExecutionOrderSort (0ms)
			DisableScriptedObjects (7ms)
			BackupInstance (0ms)
			ReleaseScriptingObjects (0ms)
			CreateAndSetChildDomain (36ms)
		EndReloadAssembly (1044ms)
			LoadAssemblies (129ms)
			RebuildTransferFunctionScriptingTraits (0ms)
			SetupTypeCache (361ms)
			ReleaseScriptCaches (1ms)
			RebuildScriptCaches (48ms)
			SetupLoadedEditorAssemblies (382ms)
				LogAssemblyErrors (0ms)
				InitializePlatformSupportModulesInManaged (5ms)
				SetLoadedEditorAssemblies (1ms)
				RefreshPlugins (1ms)
				BeforeProcessingInitializeOnLoad (71ms)
				ProcessInitializeOnLoadAttributes (290ms)
				ProcessInitializeOnLoadMethodAttributes (12ms)
				AfterProcessingInitializeOnLoad (3ms)
				EditorAssembliesLoaded (0ms)
			ExecutionOrderSort2 (0ms)
			AwakeInstancesAfterBackupRestoration (11ms)
Platform modules already initialized, skipping
Refreshing native plugins compatible for Editor in 0.60 ms, found 3 plugins.
Preloading 0 native plugins for Editor in 0.00 ms.
Unloading 2571 Unused Serialized files (Serialized files now loaded: 0)
System memory in use before: 115.3 MB.
System memory in use after: 115.5 MB.

Unloading 18 unused Assets to reduce memory usage. Loaded Objects now: 3119.
Total: 4.176400 ms (FindLiveObjects: 0.255400 ms CreateObjectMapping: 0.076400 ms MarkObjects: 3.824400 ms  DeleteObjects: 0.018800 ms)

AssetImportParameters requested are different than current active one (requested -> active):
  custom:framework-win-MediaFoundation: 216162199b28c13a410421893ffa2e32 -> 
  custom:video-decoder-ogg-theora: a1e56fd34408186e4bbccfd4996cb3dc -> 
  custom:container-muxer-webm: aa71ff27fc2769a1b78a27578f13a17b -> 
  custom:container-demuxer-webm: 4f35f7cbe854078d1ac9338744f61a02 -> 
  custom:container-demuxer-ogg: 62fdf1f143b41e24485cea50d1cbac27 -> 
  custom:video-encoder-webm-vp8: eb34c28f22e8b96e1ab97ce403110664 -> 
  custom:video-decoder-webm-vp8: 9c59270c3fd7afecdb556c50c9e8de78 -> 
  custom:audio-decoder-ogg-vorbis: bf7c407c2cedff20999df2af8eb42d56 -> 
  custom:audio-encoder-webm-vorbis: bf7c407c2cedff20999df2af8eb42d56 -> 
========================================================================
Received Import Request.
  Time since last request: 226.828058 seconds.
  path: Assets/Scripts/Core/Player.cs
  artifactKey: Guid(b7bc65d0ed6136a4ea53c932cd63d59a) Importer(815301076,1909f56bfc062723c751e8b465ee728b)
Start importing Assets/Scripts/Core/Player.cs using Guid(b7bc65d0ed6136a4ea53c932cd63d59a) Importer(815301076,1909f56bfc062723c751e8b465ee728b)  -> (artifact id: 'ed48a47b363065a6ca9e772e0137e620') in 0.007654 seconds 
  Import took 0.011696 seconds .

========================================================================
Received Import Request.
  Time since last request: 238.853549 seconds.
  path: Assets/Scripts/Core/climb.cs
  artifactKey: Guid(c7f4b83f6aa52324d877de1d36d1500b) Importer(815301076,1909f56bfc062723c751e8b465ee728b)
Start importing Assets/Scripts/Core/climb.cs using Guid(c7f4b83f6aa52324d877de1d36d1500b) Importer(815301076,1909f56bfc062723c751e8b465ee728b)  -> (artifact id: 'c53d6c0e0918874d493ec524369c82bb') in 0.007879 seconds 
  Import took 0.011928 seconds .

========================================================================
Received Prepare
Registering precompiled user dll's ...
Registered in 0.006319 seconds.
Begin MonoManager ReloadAssembly
Native extension for WindowsStandalone target not found
Native extension for WebGL target not found
Refreshing native plugins compatible for Editor in 0.69 ms, found 3 plugins.
Preloading 0 native plugins for Editor in 0.00 ms.
Mono: successfully reloaded assembly
- Completed reload, in  1.272 seconds
Domain Reload Profiling:
	ReloadAssembly (1272ms)
		BeginReloadAssembly (142ms)
			ExecutionOrderSort (0ms)
			DisableScriptedObjects (8ms)
			BackupInstance (0ms)
			ReleaseScriptingObjects (0ms)
			CreateAndSetChildDomain (36ms)
		EndReloadAssembly (1057ms)
			LoadAssemblies (125ms)
			RebuildTransferFunctionScriptingTraits (0ms)
			SetupTypeCache (350ms)
			ReleaseScriptCaches (1ms)
			RebuildScriptCaches (49ms)
			SetupLoadedEditorAssemblies (377ms)
				LogAssemblyErrors (0ms)
				InitializePlatformSupportModulesInManaged (5ms)
				SetLoadedEditorAssemblies (1ms)
				RefreshPlugins (1ms)
				BeforeProcessingInitializeOnLoad (74ms)
				ProcessInitializeOnLoadAttributes (281ms)
				ProcessInitializeOnLoadMethodAttributes (13ms)
				AfterProcessingInitializeOnLoad (3ms)
				EditorAssembliesLoaded (0ms)
			ExecutionOrderSort2 (0ms)
			AwakeInstancesAfterBackupRestoration (11ms)
Platform modules already initialized, skipping
Refreshing native plugins compatible for Editor in 0.56 ms, found 3 plugins.
Preloading 0 native plugins for Editor in 0.00 ms.
Unloading 2572 Unused Serialized files (Serialized files now loaded: 0)
System memory in use before: 115.3 MB.
System memory in use after: 115.6 MB.

Unloading 18 unused Assets to reduce memory usage. Loaded Objects now: 3122.
Total: 3.562100 ms (FindLiveObjects: 0.221500 ms CreateObjectMapping: 0.069800 ms MarkObjects: 3.255100 ms  DeleteObjects: 0.014600 ms)

AssetImportParameters requested are different than current active one (requested -> active):
  custom:framework-win-MediaFoundation: 216162199b28c13a410421893ffa2e32 -> 
  custom:video-decoder-ogg-theora: a1e56fd34408186e4bbccfd4996cb3dc -> 
  custom:container-muxer-webm: aa71ff27fc2769a1b78a27578f13a17b -> 
  custom:container-demuxer-webm: 4f35f7cbe854078d1ac9338744f61a02 -> 
  custom:container-demuxer-ogg: 62fdf1f143b41e24485cea50d1cbac27 -> 
  custom:video-encoder-webm-vp8: eb34c28f22e8b96e1ab97ce403110664 -> 
  custom:video-decoder-webm-vp8: 9c59270c3fd7afecdb556c50c9e8de78 -> 
  custom:audio-decoder-ogg-vorbis: bf7c407c2cedff20999df2af8eb42d56 -> 
  custom:audio-encoder-webm-vorbis: bf7c407c2cedff20999df2af8eb42d56 -> 
========================================================================
Received Prepare
Registering precompiled user dll's ...
Registered in 0.006722 seconds.
Begin MonoManager ReloadAssembly
Native extension for WindowsStandalone target not found
Native extension for WebGL target not found
Refreshing native plugins compatible for Editor in 0.64 ms, found 3 plugins.
Preloading 0 native plugins for Editor in 0.00 ms.
Mono: successfully reloaded assembly
- Completed reload, in  1.274 seconds
Domain Reload Profiling:
	ReloadAssembly (1274ms)
		BeginReloadAssembly (147ms)
			ExecutionOrderSort (0ms)
			DisableScriptedObjects (7ms)
			BackupInstance (0ms)
			ReleaseScriptingObjects (0ms)
			CreateAndSetChildDomain (36ms)
		EndReloadAssembly (1061ms)
			LoadAssemblies (128ms)
			RebuildTransferFunctionScriptingTraits (0ms)
			SetupTypeCache (371ms)
			ReleaseScriptCaches (1ms)
			RebuildScriptCaches (48ms)
			SetupLoadedEditorAssemblies (396ms)
				LogAssemblyErrors (0ms)
				InitializePlatformSupportModulesInManaged (5ms)
				SetLoadedEditorAssemblies (1ms)
				RefreshPlugins (1ms)
				BeforeProcessingInitializeOnLoad (73ms)
				ProcessInitializeOnLoadAttributes (300ms)
				ProcessInitializeOnLoadMethodAttributes (13ms)
				AfterProcessingInitializeOnLoad (3ms)
				EditorAssembliesLoaded (0ms)
			ExecutionOrderSort2 (0ms)
			AwakeInstancesAfterBackupRestoration (11ms)
Platform modules already initialized, skipping
Refreshing native plugins compatible for Editor in 0.57 ms, found 3 plugins.
Preloading 0 native plugins for Editor in 0.00 ms.
Unloading 2572 Unused Serialized files (Serialized files now loaded: 0)
System memory in use before: 115.3 MB.
System memory in use after: 115.6 MB.

Unloading 18 unused Assets to reduce memory usage. Loaded Objects now: 3124.
Total: 4.638500 ms (FindLiveObjects: 0.302400 ms CreateObjectMapping: 0.091300 ms MarkObjects: 4.220600 ms  DeleteObjects: 0.022500 ms)

AssetImportParameters requested are different than current active one (requested -> active):
  custom:framework-win-MediaFoundation: 216162199b28c13a410421893ffa2e32 -> 
  custom:video-decoder-ogg-theora: a1e56fd34408186e4bbccfd4996cb3dc -> 
  custom:container-muxer-webm: aa71ff27fc2769a1b78a27578f13a17b -> 
  custom:container-demuxer-webm: 4f35f7cbe854078d1ac9338744f61a02 -> 
  custom:container-demuxer-ogg: 62fdf1f143b41e24485cea50d1cbac27 -> 
  custom:video-encoder-webm-vp8: eb34c28f22e8b96e1ab97ce403110664 -> 
  custom:video-decoder-webm-vp8: 9c59270c3fd7afecdb556c50c9e8de78 -> 
  custom:audio-decoder-ogg-vorbis: bf7c407c2cedff20999df2af8eb42d56 -> 
  custom:audio-encoder-webm-vorbis: bf7c407c2cedff20999df2af8eb42d56 -> 
========================================================================
Received Import Request.
  Time since last request: 287.266791 seconds.
  path: Assets/Scripts/Core/Player.cs
  artifactKey: Guid(b7bc65d0ed6136a4ea53c932cd63d59a) Importer(815301076,1909f56bfc062723c751e8b465ee728b)
Start importing Assets/Scripts/Core/Player.cs using Guid(b7bc65d0ed6136a4ea53c932cd63d59a) Importer(815301076,1909f56bfc062723c751e8b465ee728b)  -> (artifact id: 'eb20a86fde3bb82c109d8ac0681fc11f') in 0.008010 seconds 
  Import took 0.012626 seconds .

========================================================================
Received Prepare
Registering precompiled user dll's ...
Registered in 0.006742 seconds.
Begin MonoManager ReloadAssembly
Native extension for WindowsStandalone target not found
Native extension for WebGL target not found
Refreshing native plugins compatible for Editor in 0.65 ms, found 3 plugins.
Preloading 0 native plugins for Editor in 0.00 ms.
Mono: successfully reloaded assembly
- Completed reload, in  1.245 seconds
Domain Reload Profiling:
	ReloadAssembly (1245ms)
		BeginReloadAssembly (145ms)
			ExecutionOrderSort (0ms)
			DisableScriptedObjects (8ms)
			BackupInstance (0ms)
			ReleaseScriptingObjects (0ms)
			CreateAndSetChildDomain (37ms)
		EndReloadAssembly (1029ms)
			LoadAssemblies (128ms)
			RebuildTransferFunctionScriptingTraits (0ms)
			SetupTypeCache (364ms)
			ReleaseScriptCaches (1ms)
			RebuildScriptCaches (50ms)
			SetupLoadedEditorAssemblies (370ms)
				LogAssemblyErrors (0ms)
				InitializePlatformSupportModulesInManaged (5ms)
				SetLoadedEditorAssemblies (1ms)
				RefreshPlugins (1ms)
				BeforeProcessingInitializeOnLoad (71ms)
				ProcessInitializeOnLoadAttributes (277ms)
				ProcessInitializeOnLoadMethodAttributes (13ms)
				AfterProcessingInitializeOnLoad (3ms)
				EditorAssembliesLoaded (0ms)
			ExecutionOrderSort2 (0ms)
			AwakeInstancesAfterBackupRestoration (11ms)
Platform modules already initialized, skipping
Refreshing native plugins compatible for Editor in 0.60 ms, found 3 plugins.
Preloading 0 native plugins for Editor in 0.00 ms.
Unloading 2572 Unused Serialized files (Serialized files now loaded: 0)
System memory in use before: 115.3 MB.
System memory in use after: 115.5 MB.

Unloading 18 unused Assets to reduce memory usage. Loaded Objects now: 3126.
Total: 3.767500 ms (FindLiveObjects: 0.263700 ms CreateObjectMapping: 0.072300 ms MarkObjects: 3.411100 ms  DeleteObjects: 0.018500 ms)

AssetImportParameters requested are different than current active one (requested -> active):
  custom:framework-win-MediaFoundation: 216162199b28c13a410421893ffa2e32 -> 
  custom:video-decoder-ogg-theora: a1e56fd34408186e4bbccfd4996cb3dc -> 
  custom:container-muxer-webm: aa71ff27fc2769a1b78a27578f13a17b -> 
  custom:container-demuxer-webm: 4f35f7cbe854078d1ac9338744f61a02 -> 
  custom:container-demuxer-ogg: 62fdf1f143b41e24485cea50d1cbac27 -> 
  custom:video-encoder-webm-vp8: eb34c28f22e8b96e1ab97ce403110664 -> 
  custom:video-decoder-webm-vp8: 9c59270c3fd7afecdb556c50c9e8de78 -> 
  custom:audio-decoder-ogg-vorbis: bf7c407c2cedff20999df2af8eb42d56 -> 
  custom:audio-encoder-webm-vorbis: bf7c407c2cedff20999df2af8eb42d56 -> 
========================================================================
Received Import Request.
  Time since last request: 88.608328 seconds.
  path: Assets/Scripts/Core/Player.cs
  artifactKey: Guid(b7bc65d0ed6136a4ea53c932cd63d59a) Importer(815301076,1909f56bfc062723c751e8b465ee728b)
Start importing Assets/Scripts/Core/Player.cs using Guid(b7bc65d0ed6136a4ea53c932cd63d59a) Importer(815301076,1909f56bfc062723c751e8b465ee728b)  -> (artifact id: '936b9e681a44250d2280c5600498ea93') in 0.006795 seconds 
  Import took 0.010567 seconds .

========================================================================
Received Prepare
Registering precompiled user dll's ...
Registered in 0.006418 seconds.
Begin MonoManager ReloadAssembly
Native extension for WindowsStandalone target not found
Native extension for WebGL target not found
Refreshing native plugins compatible for Editor in 0.56 ms, found 3 plugins.
Preloading 0 native plugins for Editor in 0.00 ms.
Mono: successfully reloaded assembly
- Completed reload, in  1.195 seconds
Domain Reload Profiling:
	ReloadAssembly (1195ms)
		BeginReloadAssembly (149ms)
			ExecutionOrderSort (0ms)
			DisableScriptedObjects (7ms)
			BackupInstance (0ms)
			ReleaseScriptingObjects (0ms)
			CreateAndSetChildDomain (37ms)
		EndReloadAssembly (977ms)
			LoadAssemblies (126ms)
			RebuildTransferFunctionScriptingTraits (0ms)
			SetupTypeCache (339ms)
			ReleaseScriptCaches (1ms)
			RebuildScriptCaches (45ms)
			SetupLoadedEditorAssemblies (358ms)
				LogAssemblyErrors (0ms)
				InitializePlatformSupportModulesInManaged (5ms)
				SetLoadedEditorAssemblies (1ms)
				RefreshPlugins (1ms)
				BeforeProcessingInitializeOnLoad (68ms)
				ProcessInitializeOnLoadAttributes (269ms)
				ProcessInitializeOnLoadMethodAttributes (12ms)
				AfterProcessingInitializeOnLoad (3ms)
				EditorAssembliesLoaded (0ms)
			ExecutionOrderSort2 (0ms)
			AwakeInstancesAfterBackupRestoration (10ms)
Platform modules already initialized, skipping
Refreshing native plugins compatible for Editor in 0.57 ms, found 3 plugins.
Preloading 0 native plugins for Editor in 0.00 ms.
Unloading 2572 Unused Serialized files (Serialized files now loaded: 0)
System memory in use before: 115.4 MB.
System memory in use after: 115.6 MB.

Unloading 18 unused Assets to reduce memory usage. Loaded Objects now: 3128.
Total: 3.558800 ms (FindLiveObjects: 0.223400 ms CreateObjectMapping: 0.069800 ms MarkObjects: 3.250000 ms  DeleteObjects: 0.014500 ms)

AssetImportParameters requested are different than current active one (requested -> active):
  custom:framework-win-MediaFoundation: 216162199b28c13a410421893ffa2e32 -> 
  custom:video-decoder-ogg-theora: a1e56fd34408186e4bbccfd4996cb3dc -> 
  custom:container-muxer-webm: aa71ff27fc2769a1b78a27578f13a17b -> 
  custom:container-demuxer-webm: 4f35f7cbe854078d1ac9338744f61a02 -> 
  custom:container-demuxer-ogg: 62fdf1f143b41e24485cea50d1cbac27 -> 
  custom:video-encoder-webm-vp8: eb34c28f22e8b96e1ab97ce403110664 -> 
  custom:video-decoder-webm-vp8: 9c59270c3fd7afecdb556c50c9e8de78 -> 
  custom:audio-decoder-ogg-vorbis: bf7c407c2cedff20999df2af8eb42d56 -> 
  custom:audio-encoder-webm-vorbis: bf7c407c2cedff20999df2af8eb42d56 -> 
========================================================================
Received Import Request.
  Time since last request: 17.622254 seconds.
  path: Assets/Scripts/Core/Player.cs
  artifactKey: Guid(b7bc65d0ed6136a4ea53c932cd63d59a) Importer(815301076,1909f56bfc062723c751e8b465ee728b)
Start importing Assets/Scripts/Core/Player.cs using Guid(b7bc65d0ed6136a4ea53c932cd63d59a) Importer(815301076,1909f56bfc062723c751e8b465ee728b)  -> (artifact id: 'b6f1e90f6f94837d9ce21f3dc4165eba') in 0.007036 seconds 
  Import took 0.011196 seconds .

========================================================================
Received Prepare
Registering precompiled user dll's ...
Registered in 0.006349 seconds.
Begin MonoManager ReloadAssembly
Native extension for WindowsStandalone target not found
Native extension for WebGL target not found
Refreshing native plugins compatible for Editor in 0.57 ms, found 3 plugins.
Preloading 0 native plugins for Editor in 0.00 ms.
Mono: successfully reloaded assembly
- Completed reload, in  1.211 seconds
Domain Reload Profiling:
	ReloadAssembly (1211ms)
		BeginReloadAssembly (144ms)
			ExecutionOrderSort (0ms)
			DisableScriptedObjects (7ms)
			BackupInstance (0ms)
			ReleaseScriptingObjects (0ms)
			CreateAndSetChildDomain (34ms)
		EndReloadAssembly (999ms)
			LoadAssemblies (123ms)
			RebuildTransferFunctionScriptingTraits (0ms)
			SetupTypeCache (350ms)
			ReleaseScriptCaches (1ms)
			RebuildScriptCaches (46ms)
			SetupLoadedEditorAssemblies (367ms)
				LogAssemblyErrors (0ms)
				InitializePlatformSupportModulesInManaged (5ms)
				SetLoadedEditorAssemblies (1ms)
				RefreshPlugins (1ms)
				BeforeProcessingInitializeOnLoad (69ms)
				ProcessInitializeOnLoadAttributes (276ms)
				ProcessInitializeOnLoadMethodAttributes (12ms)
				AfterProcessingInitializeOnLoad (3ms)
				EditorAssembliesLoaded (0ms)
			ExecutionOrderSort2 (0ms)
			AwakeInstancesAfterBackupRestoration (11ms)
Platform modules already initialized, skipping
Refreshing native plugins compatible for Editor in 0.55 ms, found 3 plugins.
Preloading 0 native plugins for Editor in 0.00 ms.
Unloading 2572 Unused Serialized files (Serialized files now loaded: 0)
System memory in use before: 115.4 MB.
System memory in use after: 115.6 MB.

Unloading 18 unused Assets to reduce memory usage. Loaded Objects now: 3130.
Total: 3.628500 ms (FindLiveObjects: 0.230200 ms CreateObjectMapping: 0.072300 ms MarkObjects: 3.309000 ms  DeleteObjects: 0.015900 ms)

AssetImportParameters requested are different than current active one (requested -> active):
  custom:framework-win-MediaFoundation: 216162199b28c13a410421893ffa2e32 -> 
  custom:video-decoder-ogg-theora: a1e56fd34408186e4bbccfd4996cb3dc -> 
  custom:container-muxer-webm: aa71ff27fc2769a1b78a27578f13a17b -> 
  custom:container-demuxer-webm: 4f35f7cbe854078d1ac9338744f61a02 -> 
  custom:container-demuxer-ogg: 62fdf1f143b41e24485cea50d1cbac27 -> 
  custom:video-encoder-webm-vp8: eb34c28f22e8b96e1ab97ce403110664 -> 
  custom:video-decoder-webm-vp8: 9c59270c3fd7afecdb556c50c9e8de78 -> 
  custom:audio-decoder-ogg-vorbis: bf7c407c2cedff20999df2af8eb42d56 -> 
  custom:audio-encoder-webm-vorbis: bf7c407c2cedff20999df2af8eb42d56 -> 
========================================================================
Received Prepare
Registering precompiled user dll's ...
Registered in 0.014335 seconds.
Begin MonoManager ReloadAssembly
Native extension for WindowsStandalone target not found
Native extension for WebGL target not found
Refreshing native plugins compatible for Editor in 0.70 ms, found 3 plugins.
Preloading 0 native plugins for Editor in 0.00 ms.
Mono: successfully reloaded assembly
- Completed reload, in  1.215 seconds
Domain Reload Profiling:
	ReloadAssembly (1215ms)
		BeginReloadAssembly (157ms)
			ExecutionOrderSort (0ms)
			DisableScriptedObjects (7ms)
			BackupInstance (0ms)
			ReleaseScriptingObjects (0ms)
			CreateAndSetChildDomain (37ms)
		EndReloadAssembly (988ms)
			LoadAssemblies (126ms)
			RebuildTransferFunctionScriptingTraits (0ms)
			SetupTypeCache (343ms)
			ReleaseScriptCaches (1ms)
			RebuildScriptCaches (46ms)
			SetupLoadedEditorAssemblies (365ms)
				LogAssemblyErrors (0ms)
				InitializePlatformSupportModulesInManaged (5ms)
				SetLoadedEditorAssemblies (1ms)
				RefreshPlugins (1ms)
				BeforeProcessingInitializeOnLoad (69ms)
				ProcessInitializeOnLoadAttributes (275ms)
				ProcessInitializeOnLoadMethodAttributes (12ms)
				AfterProcessingInitializeOnLoad (3ms)
				EditorAssembliesLoaded (0ms)
			ExecutionOrderSort2 (0ms)
			AwakeInstancesAfterBackupRestoration (10ms)
Platform modules already initialized, skipping
Refreshing native plugins compatible for Editor in 0.56 ms, found 3 plugins.
Preloading 0 native plugins for Editor in 0.00 ms.
Unloading 2572 Unused Serialized files (Serialized files now loaded: 0)
System memory in use before: 115.4 MB.
System memory in use after: 115.6 MB.

Unloading 18 unused Assets to reduce memory usage. Loaded Objects now: 3132.
Total: 3.816500 ms (FindLiveObjects: 0.226400 ms CreateObjectMapping: 0.070800 ms MarkObjects: 3.499800 ms  DeleteObjects: 0.018500 ms)

AssetImportParameters requested are different than current active one (requested -> active):
  custom:framework-win-MediaFoundation: 216162199b28c13a410421893ffa2e32 -> 
  custom:video-decoder-ogg-theora: a1e56fd34408186e4bbccfd4996cb3dc -> 
  custom:container-muxer-webm: aa71ff27fc2769a1b78a27578f13a17b -> 
  custom:container-demuxer-webm: 4f35f7cbe854078d1ac9338744f61a02 -> 
  custom:container-demuxer-ogg: 62fdf1f143b41e24485cea50d1cbac27 -> 
  custom:video-encoder-webm-vp8: eb34c28f22e8b96e1ab97ce403110664 -> 
  custom:video-decoder-webm-vp8: 9c59270c3fd7afecdb556c50c9e8de78 -> 
  custom:audio-decoder-ogg-vorbis: bf7c407c2cedff20999df2af8eb42d56 -> 
  custom:audio-encoder-webm-vorbis: bf7c407c2cedff20999df2af8eb42d56 -> 
========================================================================
Received Prepare
Registering precompiled user dll's ...
Registered in 0.006098 seconds.
Begin MonoManager ReloadAssembly
Native extension for WindowsStandalone target not found
Native extension for WebGL target not found
Refreshing native plugins compatible for Editor in 0.57 ms, found 3 plugins.
Preloading 0 native plugins for Editor in 0.00 ms.
Mono: successfully reloaded assembly
- Completed reload, in  1.296 seconds
Domain Reload Profiling:
	ReloadAssembly (1296ms)
		BeginReloadAssembly (149ms)
			ExecutionOrderSort (0ms)
			DisableScriptedObjects (8ms)
			BackupInstance (0ms)
			ReleaseScriptingObjects (0ms)
			CreateAndSetChildDomain (39ms)
		EndReloadAssembly (1075ms)
			LoadAssemblies (132ms)
			RebuildTransferFunctionScriptingTraits (0ms)
			SetupTypeCache (375ms)
			ReleaseScriptCaches (1ms)
			RebuildScriptCaches (57ms)
			SetupLoadedEditorAssemblies (390ms)
				LogAssemblyErrors (0ms)
				InitializePlatformSupportModulesInManaged (5ms)
				SetLoadedEditorAssemblies (1ms)
				RefreshPlugins (1ms)
				BeforeProcessingInitializeOnLoad (73ms)
				ProcessInitializeOnLoadAttributes (295ms)
				ProcessInitializeOnLoadMethodAttributes (13ms)
				AfterProcessingInitializeOnLoad (3ms)
				EditorAssembliesLoaded (0ms)
			ExecutionOrderSort2 (0ms)
			AwakeInstancesAfterBackupRestoration (12ms)
Platform modules already initialized, skipping
Refreshing native plugins compatible for Editor in 0.69 ms, found 3 plugins.
Preloading 0 native plugins for Editor in 0.00 ms.
Unloading 2572 Unused Serialized files (Serialized files now loaded: 0)
System memory in use before: 115.4 MB.
System memory in use after: 115.6 MB.

Unloading 18 unused Assets to reduce memory usage. Loaded Objects now: 3134.
Total: 3.909700 ms (FindLiveObjects: 0.250100 ms CreateObjectMapping: 0.071100 ms MarkObjects: 3.566500 ms  DeleteObjects: 0.020700 ms)

AssetImportParameters requested are different than current active one (requested -> active):
  custom:framework-win-MediaFoundation: 216162199b28c13a410421893ffa2e32 -> 
  custom:video-decoder-ogg-theora: a1e56fd34408186e4bbccfd4996cb3dc -> 
  custom:container-muxer-webm: aa71ff27fc2769a1b78a27578f13a17b -> 
  custom:container-demuxer-webm: 4f35f7cbe854078d1ac9338744f61a02 -> 
  custom:container-demuxer-ogg: 62fdf1f143b41e24485cea50d1cbac27 -> 
  custom:video-encoder-webm-vp8: eb34c28f22e8b96e1ab97ce403110664 -> 
  custom:video-decoder-webm-vp8: 9c59270c3fd7afecdb556c50c9e8de78 -> 
  custom:audio-decoder-ogg-vorbis: bf7c407c2cedff20999df2af8eb42d56 -> 
  custom:audio-encoder-webm-vorbis: bf7c407c2cedff20999df2af8eb42d56 -> 
========================================================================
Received Import Request.
  Time since last request: 1750.835918 seconds.
  path: Assets/Scripts/Core/Player.cs
  artifactKey: Guid(b7bc65d0ed6136a4ea53c932cd63d59a) Importer(815301076,1909f56bfc062723c751e8b465ee728b)
Start importing Assets/Scripts/Core/Player.cs using Guid(b7bc65d0ed6136a4ea53c932cd63d59a) Importer(815301076,1909f56bfc062723c751e8b465ee728b)  -> (artifact id: '2684e7f0bc6e851d43cc6eefd6215068') in 0.007668 seconds 
  Import took 0.011666 seconds .

========================================================================
Received Prepare
Registering precompiled user dll's ...
Registered in 0.006139 seconds.
Begin MonoManager ReloadAssembly
Native extension for WindowsStandalone target not found
Native extension for WebGL target not found
Refreshing native plugins compatible for Editor in 0.58 ms, found 3 plugins.
Preloading 0 native plugins for Editor in 0.00 ms.
Mono: successfully reloaded assembly
- Completed reload, in  1.210 seconds
Domain Reload Profiling:
	ReloadAssembly (1211ms)
		BeginReloadAssembly (153ms)
			ExecutionOrderSort (0ms)
			DisableScriptedObjects (7ms)
			BackupInstance (0ms)
			ReleaseScriptingObjects (0ms)
			CreateAndSetChildDomain (36ms)
		EndReloadAssembly (991ms)
			LoadAssemblies (122ms)
			RebuildTransferFunctionScriptingTraits (0ms)
			SetupTypeCache (340ms)
			ReleaseScriptCaches (1ms)
			RebuildScriptCaches (45ms)
			SetupLoadedEditorAssemblies (373ms)
				LogAssemblyErrors (0ms)
				InitializePlatformSupportModulesInManaged (5ms)
				SetLoadedEditorAssemblies (1ms)
				RefreshPlugins (1ms)
				BeforeProcessingInitializeOnLoad (70ms)
				ProcessInitializeOnLoadAttributes (281ms)
				ProcessInitializeOnLoadMethodAttributes (12ms)
				AfterProcessingInitializeOnLoad (3ms)
				EditorAssembliesLoaded (0ms)
			ExecutionOrderSort2 (0ms)
			AwakeInstancesAfterBackupRestoration (10ms)
Platform modules already initialized, skipping
Refreshing native plugins compatible for Editor in 0.59 ms, found 3 plugins.
Preloading 0 native plugins for Editor in 0.00 ms.
Unloading 2572 Unused Serialized files (Serialized files now loaded: 0)
System memory in use before: 115.3 MB.
System memory in use after: 115.5 MB.

Unloading 18 unused Assets to reduce memory usage. Loaded Objects now: 3136.
Total: 3.530900 ms (FindLiveObjects: 0.218900 ms CreateObjectMapping: 0.070600 ms MarkObjects: 3.225100 ms  DeleteObjects: 0.015300 ms)

AssetImportParameters requested are different than current active one (requested -> active):
  custom:framework-win-MediaFoundation: 216162199b28c13a410421893ffa2e32 -> 
  custom:video-decoder-ogg-theora: a1e56fd34408186e4bbccfd4996cb3dc -> 
  custom:container-muxer-webm: aa71ff27fc2769a1b78a27578f13a17b -> 
  custom:container-demuxer-webm: 4f35f7cbe854078d1ac9338744f61a02 -> 
  custom:container-demuxer-ogg: 62fdf1f143b41e24485cea50d1cbac27 -> 
  custom:video-encoder-webm-vp8: eb34c28f22e8b96e1ab97ce403110664 -> 
  custom:video-decoder-webm-vp8: 9c59270c3fd7afecdb556c50c9e8de78 -> 
  custom:audio-decoder-ogg-vorbis: bf7c407c2cedff20999df2af8eb42d56 -> 
  custom:audio-encoder-webm-vorbis: bf7c407c2cedff20999df2af8eb42d56 -> 
AssetImportWorkerClient::OnTransportError - code=2 error=End of file
